GROUP,PACKAGE,CLASS,INSTRUCTION_MISSED,INSTRUCTION_COVERED,BRANCH_MISSED,BRANCH_COVERED,LINE_MISSED,LINE_COVERED,COMPLEXITY_MISSED,COMPLEXITY_COVERED,METHOD_MISSED,METHOD_COVERED
Audio Analyzer App,org.hammer.audio,JavaSoundCaptureDeviceDiscovery.SystemMixerCatalog,12,0,2,0,2,0,3,0,2,0
Audio Analyzer App,org.hammer.audio,DefaultAudioLineProvider,78,10,6,0,20,5,5,2,2,2
Audio Analyzer App,org.hammer.audio,RecordingPreflight,19,69,1,5,4,15,3,5,2,3
Audio Analyzer App,org.hammer.audio,JavaSoundCaptureDeviceDiscovery,10,124,4,10,4,24,5,8,1,5
Audio Analyzer App,org.hammer.audio,AudioCaptureServiceImpl,99,489,14,30,30,120,18,25,5,16
Audio Analyzer App,org.hammer.audio,AudioBlockBroadcaster.Subscription,56,0,4,0,17,0,6,0,4,0
Audio Analyzer App,org.hammer.audio,RecordingBlockQueue,0,35,0,0,0,9,0,6,0,6
Audio Analyzer App,org.hammer.audio,JavaSoundMicrophoneArraySource,58,202,8,12,17,52,12,8,4,6
Audio Analyzer App,org.hammer.audio,AudioBlockBroadcaster,17,25,1,1,3,6,2,3,1,3
Audio Analyzer App,org.hammer.audio,RecordingTap,241,576,32,32,72,144,34,24,8,18
Audio Analyzer App,org.hammer.audio,ActiveAudioCaptureRegistry,14,18,4,0,4,5,3,3,1,3
Audio Analyzer App,org.hammer.audio,RecordingStatusListeners,30,21,1,1,9,5,3,3,2,3
Audio Analyzer App,org.hammer.audio,DemoAudioCaptureService,70,289,13,15,25,70,18,14,7,10
Audio Analyzer App,org.hammer.audio,WaveformModel,39,139,4,12,3,24,5,13,1,9
Audio Analyzer App,org.hammer.audio,RecordedAudioCaptureService,116,268,19,13,38,71,22,13,9,10
Audio Analyzer App,org.hammer.audio,RecordingWorker,5,50,0,0,2,15,1,5,1,5
Audio Analyzer App,org.hammer.audio,AudioCaptureService,14,0,0,0,5,0,4,0,4,0
Audio Analyzer App,org.hammer,AudioAnalyseFrame.new WindowAdapter() {...},43,0,8,0,10,0,6,0,2,0
Audio Analyzer App,org.hammer,DiagnosisPanel,331,0,18,0,72,0,19,0,9,0
Audio Analyzer App,org.hammer,AudioAnalyseFrame.InputMode,15,0,0,0,3,0,1,0,1,0
Audio Analyzer App,org.hammer,AudioAnalyseFrame.AudioDeviceItem,19,0,2,0,4,0,3,0,2,0
Audio Analyzer App,org.hammer,ExperimentDocumentPreviewFormatter,2,195,3,5,2,43,3,5,0,4
Audio Analyzer App,org.hammer,ExperimentDocumentSwingActions.new SwingWorker() {...},54,0,0,0,11,0,3,0,3,0
Audio Analyzer App,org.hammer,ExperimentAudioAnalyseFrame,830,0,78,0,193,0,66,0,27,0
Audio Analyzer App,org.hammer,AudioAnalyseFrame.new ChangeListener() {...},31,0,2,0,7,0,3,0,2,0
Audio Analyzer App,org.hammer,PhaseDiagramCanvas,406,24,18,0,70,6,14,3,5,3
Audio Analyzer App,org.hammer,SpectrogramPanel,730,0,64,0,145,0,46,0,14,0
Audio Analyzer App,org.hammer,RecordingStatusPanel,471,0,30,0,87,0,27,0,10,0
Audio Analyzer App,org.hammer,ExperimentWorkbenchLauncher,106,49,6,6,34,12,10,5,7,2
Audio Analyzer App,org.hammer,ExperimentDocumentPreviewDialog.new SwingWorker() {...},58,0,0,0,12,0,3,0,3,0
Audio Analyzer App,org.hammer,ExperimentDocumentSwingActions,129,0,18,0,32,0,16,0,7,0
Audio Analyzer App,org.hammer,WaveformPanel.new ComponentAdapter() {...},20,45,1,3,1,8,1,3,0,2
Audio Analyzer App,org.hammer,SpectrumPanel,715,173,68,16,151,47,53,9,15,5
Audio Analyzer App,org.hammer,ExperimentDocumentPreviewDialog,179,0,8,0,41,0,10,0,6,0
Audio Analyzer App,org.hammer,ExperimentAudioAnalyseFrame.new WindowAdapter() {...},10,0,0,0,3,0,2,0,2,0
Audio Analyzer App,org.hammer,AudioAnalyseFrame.SwingAction,19,0,0,0,6,0,2,0,2,0
Audio Analyzer App,org.hammer,ExperimentDocumentFileChooser,75,0,6,0,17,0,7,0,4,0
Audio Analyzer App,org.hammer,PhaseDiagramPanel,13,35,2,0,3,8,2,2,1,2
Audio Analyzer App,org.hammer,WaveformPanel,918,74,82,2,168,19,55,4,13,4
Audio Analyzer App,org.hammer,AudioAnalyseFrame,3037,0,167,0,701,0,149,0,64,0
Audio Analyzer App,org.hammer.audio.experiment.document.workspace,ExperimentDocumentApplyException,0,13,0,0,0,4,0,2,0,2
Audio Analyzer App,org.hammer.audio.experiment.document.workspace,ExperimentDocumentWorkspaceService,19,170,9,23,3,36,9,15,0,8
Audio Analyzer App,org.hammer.audio.experiment.document.workspace,ExperimentDocumentWorkspaceService.ApplyResult,0,20,0,0,0,4,0,1,0,1
Audio Analyzer App,org.hammer.audio.experiment.document.http,ExperimentDocumentApplyHttpAdapter.ApplyResponse,0,20,0,0,0,4,0,1,0,1
Audio Analyzer App,org.hammer.audio.experiment.document.http,ExperimentDocumentApplyHttpAdapter,23,78,0,3,6,18,2,6,2,4
Audio Analyzer App,org.hammer.audio.experiment.document.http,ExperimentDocumentHttpAdapter.ErrorResponse,0,24,0,0,0,5,0,1,0,1
Audio Analyzer App,org.hammer.audio.experiment.document.http,ExperimentDocumentHttpAdapter.PreviewResponse,0,66,0,0,0,5,0,1,0,1
Audio Analyzer App,org.hammer.audio.experiment.document.http,ExperimentDocumentHttpAdapter,23,94,0,0,4,30,2,4,2,4
Audio Analyzer App,org.hammer.audio.infrastructure.workflow.history,CollaborationWorkflowHistoryAccessPolicy,0,41,1,5,0,10,1,5,0,3
Audio Analyzer App,org.hammer.audio.infrastructure.workflow.search,WorkflowSemanticPersistenceEntities,7,3,0,0,2,1,1,1,1,1
Audio Analyzer App,org.hammer.audio.infrastructure.workflow.search,WorkflowSemanticProjectionValues,26,335,7,11,6,78,7,18,0,16
Audio Analyzer App,org.hammer.audio.infrastructure.workflow.search,WorkflowSemanticIndexEntity,7,128,2,4,2,33,4,16,2,15
Audio Analyzer App,org.hammer.audio.infrastructure.workflow.search,WorkflowSemanticProjectionEntry,5,22,1,1,1,5,1,1,0,1
Audio Analyzer App,org.hammer.audio.infrastructure.workflow.search,WorkflowSemanticIndexService,34,324,9,21,8,84,8,17,0,10
Audio Analyzer App,org.hammer.audio.infrastructure.workflow.search,WorkflowSemanticQueryService,20,310,3,17,8,87,3,19,0,12
Audio Analyzer App,org.hammer.audio.infrastructure.workflow.search,WorkflowSemanticSchemaMigrations,7,0,0,0,2,0,1,0,1,0
Audio Analyzer App,org.hammer.audio.recording.runtime,RecordingStorageLevel,0,27,0,0,0,5,0,1,0,1
Audio Analyzer App,org.hammer.audio.recording.runtime,RecordingStorageStatus,42,77,3,5,2,9,5,3,2,2
Audio Analyzer App,org.hammer.audio.recording.runtime,RecordingStatus,35,104,12,6,3,10,10,3,2,2
Audio Analyzer App,org.hammer.audio.recording.runtime,FileStoreRecordingStorageProbe,184,0,36,0,35,0,22,0,4,0
Audio Analyzer App,org.hammer.audio.recording.runtime,RecordingState,0,39,0,0,0,7,0,1,0,1
Audio Analyzer App,org.hammer.audio.export,EvidenceData.Builder,10,38,0,0,4,14,2,8,2,8
Audio Analyzer App,org.hammer.audio.export,EvidenceData,8,85,9,7,0,22,7,12,0,11
Audio Analyzer App,org.hammer.audio.export,ReproducibilityBundleExporter,103,444,17,21,18,76,14,17,1,8
Audio Analyzer App,org.hammer.audio.export,EvidenceBundleExporter,252,778,32,44,35,133,32,21,1,11
Audio Analyzer App,org.hammer.audio.app.outbox,ScheduledWorkflowOutboxDispatcher,0,14,0,0,0,5,0,2,0,2
Audio Analyzer App,org.hammer.audio.app.outbox,ScheduledWorkflowOutboxRetention,155,19,2,0,32,6,4,2,3,2
Audio Analyzer App,org.hammer.audio.ui.theme,UiTheme,80,0,2,0,17,0,5,0,4,0
Audio Analyzer App,org.hammer.audio.ui.theme,PlotRenderTheme,42,666,2,16,9,107,4,22,2,15
Audio Analyzer App,org.hammer.audio.app,WorkflowRunConfiguration,12,7,0,0,2,2,2,2,2,2
Audio Analyzer App,org.hammer.audio.app,WorkflowSemanticSearchPersistenceConfiguration,0,5,0,0,0,2,0,2,0,2
Audio Analyzer App,org.hammer.audio.app,WorkflowSearchPersistenceConfiguration,0,5,0,0,0,2,0,2,0,2
Audio Analyzer App,org.hammer.audio.app,WorkflowHistoryCommandConfiguration,20,0,0,0,4,0,4,0,4,0
Audio Analyzer App,org.hammer.audio.app,WorkflowOutboxRetentionConfiguration,5,50,3,1,0,12,2,4,0,4
Audio Analyzer App,org.hammer.audio.app,WorkflowSchemaMigrationConfiguration,22,40,7,7,5,11,6,6,0,5
Audio Analyzer App,org.hammer.audio.app,WorkbenchSpaController,0,5,0,0,0,2,0,2,0,2
Audio Analyzer App,org.hammer.audio.app,WorkbenchApplication,8,0,0,0,3,0,2,0,2,0
Audio Analyzer App,org.hammer.audio.app,WorkflowPersistenceConfiguration,46,137,10,10,8,34,11,8,3,6
Audio Analyzer App,org.hammer.audio.app,CollaborationPersistenceConfiguration,24,5,0,0,6,2,3,2,3,2
Audio Analyzer App,org.hammer.audio.app,WorkbenchConfiguration,117,11,6,0,19,2,10,2,7,2
Audio Analyzer App,org.hammer.audio.app,WorkflowOutboxDispatchConfiguration,9,74,6,2,1,16,4,5,0,5
Audio Analyzer App,org.hammer.audio.ui,WaveformRenderer,0,143,0,20,0,31,0,13,0,3
Audio Analyzer App,org.hammer.audio.workflow.execution.http,WorkflowRunApiModels.RunSourceResponse,10,34,1,1,2,4,1,2,0,2
Audio Analyzer App,org.hammer.audio.workflow.execution.http,WorkflowRunHttpExceptionHandler,23,109,8,8,10,21,8,6,0,4
Audio Analyzer App,org.hammer.audio.workflow.execution.http,WorkflowRunApiModels.StartRunRequest,44,70,16,6,5,12,11,4,0,4
Audio Analyzer App,org.hammer.audio.workflow.execution.http,WorkflowRunHttpAdapter,6,60,0,0,1,13,1,5,1,5
Audio Analyzer App,org.hammer.audio.workflow.execution.http,WorkflowRunApiModels.RunResultResponse,2,65,1,1,0,14,1,2,0,2
Audio Analyzer App,org.hammer.audio.workflow.execution.http,WorkflowRunApiModels.ViolationResponse,22,0,0,0,2,0,2,0,2,0
Audio Analyzer App,org.hammer.audio.workflow.execution.http,WorkflowRunApiModels.RunResponse,0,94,0,0,0,19,0,2,0,2
Audio Analyzer App,org.hammer.audio.pluginhost,PluginRegistry,0,74,0,6,0,17,0,8,0,5
Audio Analyzer App,org.hammer.audio.pluginhost,PluginManager,34,102,2,2,12,26,3,5,2,4
Audio Analyzer App,org.hammer.audio.pluginhost,PluginMenuBuilder,479,0,22,0,107,0,24,0,13,0
Audio Analyzer App,org.hammer.audio.pluginhost,PluginLoadResult,0,89,0,2,0,19,0,9,0,8
Audio Analyzer App,org.hammer.audio.infrastructure.workflow.collaboration.store,HibernateWorkflowOutboxRetentionStore,7,185,7,13,2,51,7,12,0,9
Audio Analyzer App,org.hammer.audio.infrastructure.workflow.collaboration.store,WorkflowOperationEntity,40,186,12,18,10,37,11,13,1,8
Audio Analyzer App,org.hammer.audio.infrastructure.workflow.collaboration.store,HibernateWorkflowSessionStateStore,135,581,21,39,28,157,23,36,3,26
Audio Analyzer App,org.hammer.audio.infrastructure.workflow.collaboration.store,WorkflowOutboxEntity,23,300,20,26,4,60,21,18,1,15
Audio Analyzer App,org.hammer.audio.infrastructure.workflow.collaboration.store,HibernateWorkflowOutboxStore,40,235,5,9,8,62,5,14,0,12
Audio Analyzer App,org.hammer.audio.infrastructure.workflow.collaboration.store,CollaborationPersistenceEntities,7,5,0,0,2,1,1,1,1,1
Audio Analyzer App,org.hammer.audio.infrastructure.workflow.collaboration.store,WorkflowSessionEntity,3,124,0,0,1,31,1,11,1,11
Audio Analyzer App,org.hammer.audio.infrastructure.workflow.collaboration.schema,WorkflowSchemaMigrator.DatabaseFamily,0,40,0,0,0,9,0,2,0,2
Audio Analyzer App,org.hammer.audio.infrastructure.workflow.collaboration.schema,WorkflowSchemaMigrator,15,203,2,6,3,51,2,11,0,9
Audio Analyzer App,org.hammer.audio.infrastructure.workflow.collaboration.schema,WorkflowSchemaMigrationResult,19,56,2,4,4,12,3,5,1,4
Audio Analyzer App,org.hammer.audio.infrastructure.workflow.collaboration.schema,CollaborationSchemaMigrations,7,0,0,0,2,0,1,0,1,0
Audio Analyzer App,org.hammer.audio.compare,ComparisonReport.Side,2,56,1,1,1,10,1,3,0,3
Audio Analyzer App,org.hammer.audio.compare,MarkdownComparisonReportRenderer,45,474,17,21,9,105,15,16,0,12
Audio Analyzer App,org.hammer.audio.compare,RecordingComparator,22,158,3,13,6,35,4,9,1,4
Audio Analyzer App,org.hammer.audio.compare,ComparisonReport,2,32,2,2,1,8,2,4,0,4
Audio Analyzer App,org.hammer.audio.workflow.editor.http,WorkflowHistoryCommandHttpAdapter.ComparisonResponse,0,67,0,0,0,13,0,2,0,2
Audio Analyzer App,org.hammer.audio.workflow.editor.http,WorkflowHistoryIndexHttpAdapter,9,26,0,0,1,8,1,2,1,2
Audio Analyzer App,org.hammer.audio.workflow.editor.http,WorkflowOperationHttpParser,105,181,23,13,21,38,25,9,2,7
Audio Analyzer App,org.hammer.audio.workflow.editor.http,WorkflowApiExceptionHandler.FieldViolation,0,19,0,0,0,4,0,1,0,1
Audio Analyzer App,org.hammer.audio.workflow.editor.http,WorkflowSessionApiModels.HistoryCommandResponse,0,46,0,0,0,9,0,2,0,2
Audio Analyzer App,org.hammer.audio.workflow.editor.http,WorkflowSessionApiModels.BlockingOperationResponse,25,0,0,0,5,0,2,0,2,0
Audio Analyzer App,org.hammer.audio.workflow.editor.http,WorkflowSemanticHistoryHttpAdapter.SemanticSearchRequest,5,64,4,4,0,6,4,2,0,2
Audio Analyzer App,org.hammer.audio.workflow.editor.http,WorkflowSessionApiModels.ActorResponse,0,22,0,0,0,2,0,2,0,2
Audio Analyzer App,org.hammer.audio.workflow.editor.http,WorkflowSessionApiModels.SessionOperationRequest,0,27,0,0,0,5,0,1,0,1
Audio Analyzer App,org.hammer.audio.workflow.editor.http,WorkflowHistoryCommandHttpAdapter.RestoreResponse,0,30,0,0,0,6,0,2,0,2
Audio Analyzer App,org.hammer.audio.workflow.editor.http,WorkflowHistoryIndexHttpAdapter.SearchHitResponse,2,53,1,1,0,12,1,2,0,2
Audio Analyzer App,org.hammer.audio.workflow.editor.http,WorkflowHistoryCommandHttpAdapter.RestoreRequest,0,21,0,0,0,2,0,1,0,1
Audio Analyzer App,org.hammer.audio.workflow.editor.http,WorkflowHistoryCommandHttpAdapter.BranchResponse,28,0,0,0,3,0,2,0,2,0
Audio Analyzer App,org.hammer.audio.workflow.editor.http,WorkflowCombinedHistoryHttpAdapter.SemanticFilters,0,42,0,0,0,3,0,2,0,2
Audio Analyzer App,org.hammer.audio.workflow.editor.http,WorkflowSessionApiModels.UndoPreviewResponse,57,0,0,0,13,0,2,0,2,0
Audio Analyzer App,org.hammer.audio.workflow.editor.http,WorkflowSessionApiModels.PresenceRequest,2,38,1,1,0,6,1,2,0,2
Audio Analyzer App,org.hammer.audio.workflow.editor.http,WorkflowApiExceptionHandler.BlockingOperationDetail,0,35,0,0,0,7,0,2,0,2
Audio Analyzer App,org.hammer.audio.workflow.editor.http,WorkflowSessionApiModels.ActorRequest,0,22,0,0,0,2,0,2,0,2
Audio Analyzer App,org.hammer.audio.workflow.editor.http,WorkflowHistoryCommandExceptionHandler,132,0,2,0,36,0,8,0,7,0
Audio Analyzer App,org.hammer.audio.workflow.editor.http,WorkflowHistoryApiModels.UndoPreviewResponse,0,68,0,0,0,16,0,2,0,2
Audio Analyzer App,org.hammer.audio.workflow.editor.http,WorkflowHistoryApiModels.RedoPreviewRequest,0,13,0,0,0,3,0,1,0,1
Audio Analyzer App,org.hammer.audio.workflow.editor.http,WorkflowHistoryApiModels.HistoryCapabilitiesResponse,0,39,0,0,0,8,0,2,0,2
Audio Analyzer App,org.hammer.audio.workflow.editor.http,WorkflowMergeHttpAdapter.ResolutionRequest,0,22,0,0,0,2,0,2,0,2
Audio Analyzer App,org.hammer.audio.workflow.editor.http,WorkflowMergeHttpAdapter.ResolveRequest,0,79,0,0,0,7,0,2,0,2
Audio Analyzer App,org.hammer.audio.workflow.editor.http,WorkflowHistoryApiModels.HistoryActionResponse,0,50,0,2,0,13,0,3,0,2
Audio Analyzer App,org.hammer.audio.workflow.editor.http,WorkflowSessionEventHttpAdapter,42,135,5,9,12,38,6,8,1,6
Audio Analyzer App,org.hammer.audio.workflow.editor.http,WorkflowCombinedHistoryHttpAdapter.CombinedSearchRequest,0,19,0,0,0,3,0,2,0,2
Audio Analyzer App,org.hammer.audio.workflow.editor.http,WorkflowSessionApiModels.ActorIdRequest,0,11,0,0,0,3,0,1,0,1
Audio Analyzer App,org.hammer.audio.workflow.editor.http,WorkflowHistoryApiModels.RedoPreviewResponse,0,68,0,0,0,16,0,2,0,2
Audio Analyzer App,org.hammer.audio.workflow.editor.http,WorkflowHistoryCommandHttpAdapter,17,57,0,0,5,15,1,3,1,3
Audio Analyzer App,org.hammer.audio.workflow.editor.http,WorkflowHistoryApiModels.HistoryCapabilitiesRequest,0,10,0,0,0,3,0,1,0,1
Audio Analyzer App,org.hammer.audio.workflow.editor.http,WorkflowCombinedHistoryHttpAdapter.CombinedHitResponse,0,25,0,0,0,5,0,2,0,2
Audio Analyzer App,org.hammer.audio.workflow.editor.http,WorkflowSessionApiModels.UndoPreviewRequest,0,13,0,0,0,3,0,1,0,1
Audio Analyzer App,org.hammer.audio.workflow.editor.http,WorkflowSessionApiModels.SessionResponse,0,63,0,0,0,13,0,2,0,2
Audio Analyzer App,org.hammer.audio.workflow.editor.http,WorkflowSemanticHistoryHttpAdapter,0,19,0,0,0,6,0,2,0,2
Audio Analyzer App,org.hammer.audio.workflow.editor.http,WorkflowHistoryApiModels.HistoryEntryResponse,0,78,0,0,0,18,0,2,0,2
Audio Analyzer App,org.hammer.audio.workflow.editor.http,WorkflowSessionEventHttpAdapter.SubscriptionHolder,9,45,3,5,3,12,3,4,0,3
Audio Analyzer App,org.hammer.audio.workflow.editor.http,WorkflowHistoryApiModels.HistoryQueryRequest,2,23,1,1,0,4,1,2,0,2
Audio Analyzer App,org.hammer.audio.workflow.editor.http,WorkflowSessionHttpAdapter,8,188,0,2,1,46,1,16,1,15
Audio Analyzer App,org.hammer.audio.workflow.editor.http,WorkflowEditorHttpAdapter.ViolationsResponse,12,0,0,0,3,0,1,0,1,0
Audio Analyzer App,org.hammer.audio.workflow.editor.http,WorkflowEditorHttpAdapter.CheckpointResponse,12,0,0,0,4,0,2,0,2,0
Audio Analyzer App,org.hammer.audio.workflow.editor.http,WorkflowSessionApiModels,0,6,0,0,0,2,0,2,0,2
Audio Analyzer App,org.hammer.audio.workflow.editor.http,WorkflowMergeHttpAdapter.PreviewRequest,0,41,0,0,0,2,0,2,0,2
Audio Analyzer App,org.hammer.audio.workflow.editor.http,WorkflowHistoryApiModels.HistoryPageResponse,0,32,0,0,0,7,0,2,0,2
Audio Analyzer App,org.hammer.audio.workflow.editor.http,WorkflowHistoryCommandHttpAdapter.CompareRequest,0,12,0,0,0,2,0,1,0,1
Audio Analyzer App,org.hammer.audio.workflow.editor.http,WorkflowHistoryCommandHttpAdapter.BranchRequest,12,0,0,0,2,0,1,0,1,0
Audio Analyzer App,org.hammer.audio.workflow.editor.http,WorkflowMergeHttpAdapter,0,23,0,0,0,5,0,3,0,3
Audio Analyzer App,org.hammer.audio.workflow.editor.http,WorkflowCombinedHistoryHttpAdapter.CommitEvidence,0,55,0,0,0,11,0,2,0,2
Audio Analyzer App,org.hammer.audio.workflow.editor.http,WorkflowHistoryCommandHttpAdapter.ChangeResponse,60,64,4,2,13,11,4,3,0,2
Audio Analyzer App,org.hammer.audio.workflow.editor.http,WorkflowMergeHttpAdapter.ResolveResponse,0,47,0,0,0,9,0,2,0,2
Audio Analyzer App,org.hammer.audio.workflow.editor.http,WorkflowEditorHttpAdapter,229,19,12,0,47,4,17,2,11,2
Audio Analyzer App,org.hammer.audio.workflow.editor.http,WorkflowApiExceptionHandler,37,214,2,7,10,51,4,14,2,11
Audio Analyzer App,org.hammer.audio.workflow.editor.http,WorkflowCombinedHistoryHttpAdapter,0,19,0,0,0,6,0,2,0,2
Audio Analyzer App,org.hammer.audio.workflow.editor.http,WorkflowHistoryApiModels.BlockingOperationResponse,28,0,0,0,6,0,2,0,2,0
Audio Analyzer App,org.hammer.audio.workflow.editor.http,WorkflowEditorHttpAdapter.CatalogEntry,54,0,0,0,9,0,2,0,2,0
Audio Analyzer App,org.hammer.audio.workflow.editor.http,WorkflowCombinedHistoryHttpAdapter.SemanticEvidence,0,88,0,0,0,17,0,2,0,2
Audio Analyzer App,org.hammer.audio.workflow.editor.http,WorkflowSessionApiModels.SessionEventResponse,0,79,0,4,0,14,0,4,0,2
Audio Analyzer App,org.hammer.audio.workflow.editor.http,WorkflowSessionApiModels.UndoCommandRequest,0,37,0,0,0,5,0,2,0,2
Audio Analyzer App,org.hammer.audio.workflow.editor.http,WorkflowSessionApiModels.JoinSessionRequest,0,22,0,0,0,2,0,2,0,2
Audio Analyzer App,org.hammer.audio.workflow.editor.http,WorkflowMergeHttpAdapter.ConflictResponse,0,60,0,0,0,13,0,2,0,2
Audio Analyzer App,org.hammer.audio.workflow.editor.http,WorkflowHistoryIndexHttpAdapter.RebuildResponse,13,0,2,0,4,0,2,0,1,0
Audio Analyzer App,org.hammer.audio.workflow.editor.http,WorkflowMergeHttpAdapter.PreviewResponse,0,94,0,0,0,18,0,2,0,2
Audio Analyzer App,org.hammer.audio.workflow.editor.http,WorkflowSemanticHistoryHttpAdapter.SemanticHitResponse,0,92,0,0,0,19,0,2,0,2
Audio Analyzer App,org.hammer.audio.workflow.editor.http,WorkflowSessionApiModels.CreateSessionRequest,0,54,2,6,0,6,2,4,0,2
Audio Analyzer App,org.hammer.audio.workflow.editor.http,WorkflowEditorHttpAdapter.HistoryEntry,36,0,0,0,7,0,2,0,2,0
Audio Analyzer App,org.hammer.audio.workflow.editor.http,WorkflowSessionApiModels.RedoCommandRequest,0,32,0,0,0,5,0,2,0,2
Audio Analyzer App,org.hammer.audio.workflow.editor.http,WorkflowCombinedHistoryHttpAdapter.GenericFilters,2,41,1,1,0,4,1,2,0,2
Audio Analyzer App,org.hammer.audio.workflow.editor.http,WorkflowSessionApiModels.PresenceResponse,0,28,0,0,0,4,0,2,0,2
Audio Analyzer App,org.hammer.tools,DocImageRenderer,102,5129,7,75,22,716,7,66,2,30
Audio Analyzer App,org.hammer.audio.infrastructure.workflow.store,HibernateJGitVersionedWorkflowStore,60,206,9,9,16,55,11,18,2,18
Audio Analyzer App,org.hammer.audio.infrastructure.workflow.store,JGitRepositoryVersionedWorkflowStore,148,490,21,45,37,114,20,34,0,21
Audio Analyzer App,org.hammer.audio.infrastructure.workflow.store,GenericWorkflowHistoryProjection,37,188,6,12,9,49,6,13,0,10
Audio Analyzer App,org.hammer.audio.infrastructure.workflow.store,CombinedWorkflowHistorySearch,8,81,1,3,2,19,1,3,0,2
Audio Analyzer App,org.hammer.audio.infrastructure.workflow.store,FileSystemJGitVersionedWorkflowStore,9,85,0,2,2,19,0,10,0,9
Audio Analyzer App,org.hammer.audio.infrastructure.workflow.store,WorkflowSemanticHistoryProjection,8,119,1,3,2,28,1,9,0,8
Audio Analyzer App,org.hammer.audio.infrastructure.workflow.store,HibernateWorkflowGitStorage,0,13,0,0,0,3,0,1,0,1
