<?xml version="1.0" encoding="UTF-8" standalone="yes"?><!DOCTYPE report PUBLIC "-//JACOCO//DTD Report 1.1//EN" "report.dtd"><report name="Audio Analyzer Core"><sessioninfo id="runnervmejwal-11024cbf" start="1788527438810" dump="1788527442742"/><sessioninfo id="runnervmejwal-7fc38d3c" start="1788527649703" dump="1788527652249"/><package name="org/hammer/audio/workflow/collaboration"><class name="org/hammer/audio/workflow/collaboration/WorkflowHistoryCapabilities" sourcefilename="WorkflowHistoryCapabilities.java"><method name="&lt;init&gt;" desc="(Lorg/hammer/audio/workflow/collaboration/CollaborationMode;JZLorg/hammer/audio/workflow/collaboration/WorkflowHistoryCapabilities$Action;Lorg/hammer/audio/workflow/collaboration/WorkflowHistoryCapabilities$Action;Z)V" line="62"><counter type="INSTRUCTION" missed="10" covered="33"/><counter type="BRANCH" missed="2" covered="4"/><counter type="LINE" missed="2" covered="5"/><counter type="COMPLEXITY" missed="2" covered="2"/><counter type="METHOD" missed="0" covered="1"/></method><counter type="INSTRUCTION" missed="10" covered="33"/><counter type="BRANCH" missed="2" covered="4"/><counter type="LINE" missed="2" covered="5"/><counter type="COMPLEXITY" missed="2" covered="2"/><counter type="METHOD" missed="0" covered="1"/><counter type="CLASS" missed="0" covered="1"/></class><class name="org/hammer/audio/workflow/collaboration/OperationActor" sourcefilename="OperationActor.java"><method name="&lt;init&gt;" desc="(Ljava/lang/String;Ljava/lang/String;Ljava/lang/String;)V" line="14"><counter type="INSTRUCTION" missed="15" covered="33"/><counter type="BRANCH" missed="3" covered="3"/><counter type="LINE" missed="3" covered="8"/><counter type="COMPLEXITY" missed="3" covered="1"/><counter type="METHOD" missed="0" covered="1"/></method><method name="forAuthor" desc="(Ljava/lang/String;)Lorg/hammer/audio/workflow/collaboration/OperationActor;" line="30"><counter type="INSTRUCTION" missed="7" covered="0"/><counter type="LINE" missed="1" covered="0"/><counter type="COMPLEXITY" missed="1" covered="0"/><counter type="METHOD" missed="1" covered="0"/></method><counter type="INSTRUCTION" missed="22" covered="33"/><counter type="BRANCH" missed="3" covered="3"/><counter type="LINE" missed="4" covered="8"/><counter type="COMPLEXITY" missed="4" covered="1"/><counter type="METHOD" missed="1" covered="1"/><counter type="CLASS" missed="0" covered="1"/></class><class name="org/hammer/audio/workflow/collaboration/WorkflowSessionRecoveryException" sourcefilename="WorkflowSessionRecoveryException.java"><method name="&lt;init&gt;" desc="(Ljava/lang/String;Ljava/lang/String;Ljava/lang/Throwable;)V" line="12"><counter type="INSTRUCTION" missed="11" covered="0"/><counter type="LINE" missed="3" covered="0"/><counter type="COMPLEXITY" missed="1" covered="0"/><counter type="METHOD" missed="1" covered="0"/></method><method name="&lt;init&gt;" desc="(Ljava/lang/String;Ljava/lang/String;)V" line="18"><counter type="INSTRUCTION" missed="10" covered="0"/><counter type="LINE" missed="3" covered="0"/><counter type="COMPLEXITY" missed="1" covered="0"/><counter type="METHOD" missed="1" covered="0"/></method><method name="sessionId" desc="()Ljava/lang/String;" line="24"><counter type="INSTRUCTION" missed="3" covered="0"/><counter type="LINE" missed="1" covered="0"/><counter type="COMPLEXITY" missed="1" covered="0"/><counter type="METHOD" missed="1" covered="0"/></method><counter type="INSTRUCTION" missed="24" covered="0"/><counter type="LINE" missed="7" covered="0"/><counter type="COMPLEXITY" missed="3" covered="0"/><counter type="METHOD" missed="3" covered="0"/><counter type="CLASS" missed="1" covered="0"/></class><class name="org/hammer/audio/workflow/collaboration/WorkflowCollaborationEvent$UndoDetails" sourcefilename="WorkflowCollaborationEvent.java"><method name="&lt;init&gt;" desc="(Lorg/hammer/audio/workflow/collaboration/UndoScope;Ljava/lang/String;Ljava/lang/String;Ljava/lang/String;)V" line="88"><counter type="INSTRUCTION" missed="0" covered="31"/><counter type="LINE" missed="0" covered="6"/><counter type="COMPLEXITY" missed="0" covered="1"/><counter type="METHOD" missed="0" covered="1"/></method><counter type="INSTRUCTION" missed="0" covered="31"/><counter type="LINE" missed="0" covered="6"/><counter type="COMPLEXITY" missed="0" covered="1"/><counter type="METHOD" missed="0" covered="1"/><counter type="CLASS" missed="0" covered="1"/></class><class name="org/hammer/audio/workflow/collaboration/WorkflowOperationEnvelope" sourcefilename="WorkflowOperationEnvelope.java"><method name="&lt;init&gt;" desc="(Ljava/lang/String;Lorg/hammer/audio/workflow/collaboration/CollaborationMode;Lorg/hammer/audio/workflow/collaboration/OperationActor;Lorg/hammer/audio/workflow/WorkflowOperation;Ljava/time/Instant;)V" line="23"><counter type="INSTRUCTION" missed="14" covered="47"/><counter type="BRANCH" missed="2" covered="2"/><counter type="LINE" missed="4" covered="9"/><counter type="COMPLEXITY" missed="2" covered="1"/><counter type="METHOD" missed="0" covered="1"/></method><method name="of" desc="(Ljava/lang/String;Lorg/hammer/audio/workflow/collaboration/CollaborationMode;Lorg/hammer/audio/workflow/WorkflowOperation;)Lorg/hammer/audio/workflow/collaboration/WorkflowOperationEnvelope;" line="44"><counter type="INSTRUCTION" missed="11" covered="0"/><counter type="LINE" missed="2" covered="0"/><counter type="COMPLEXITY" missed="1" covered="0"/><counter type="METHOD" missed="1" covered="0"/></method><counter type="INSTRUCTION" missed="25" covered="47"/><counter type="BRANCH" missed="2" covered="2"/><counter type="LINE" missed="6" covered="9"/><counter type="COMPLEXITY" missed="3" covered="1"/><counter type="METHOD" missed="1" covered="1"/><counter type="CLASS" missed="0" covered="1"/></class><class name="org/hammer/audio/workflow/collaboration/WorkflowSessionRegistry" sourcefilename="WorkflowSessionRegistry.java"><method name="&lt;init&gt;" desc="()V" line="37"><counter type="INSTRUCTION" missed="0" covered="6"/><counter type="LINE" missed="0" covered="2"/><counter type="COMPLEXITY" missed="0" covered="1"/><counter type="METHOD" missed="0" covered="1"/></method><method name="&lt;init&gt;" desc="(Lorg/hammer/audio/workflow/collaboration/WorkflowSessionEventHub;)V" line="31"><counter type="INSTRUCTION" missed="0" covered="17"/><counter type="LINE" missed="0" covered="5"/><counter type="COMPLEXITY" missed="0" covered="1"/><counter type="METHOD" missed="0" covered="1"/></method><method name="&lt;init&gt;" desc="(Lorg/hammer/audio/workflow/collaboration/WorkflowSessionEventHub;Lorg/hammer/audio/workflow/collaboration/store/WorkflowSessionStateStore;)V" line="31"><counter type="INSTRUCTION" missed="2" covered="22"/><counter type="BRANCH" missed="1" covered="1"/><counter type="LINE" missed="1" covered="8"/><counter type="COMPLEXITY" missed="1" covered="1"/><counter type="METHOD" missed="0" covered="1"/></method><method name="eventHub" desc="()Lorg/hammer/audio/workflow/collaboration/WorkflowSessionEventHub;" line="64"><counter type="INSTRUCTION" missed="3" covered="0"/><counter type="LINE" missed="1" covered="0"/><counter type="COMPLEXITY" missed="1" covered="0"/><counter type="METHOD" missed="1" covered="0"/></method><method name="create" desc="(Ljava/lang/String;Lorg/hammer/audio/workflow/collaboration/CollaborationMode;Lorg/hammer/audio/workflow/collaboration/OperationActor;Lorg/hammer/audio/workflow/Workflow;)Lorg/hammer/audio/workflow/collaboration/WorkflowSessionRegistry$SessionSnapshot;" line="70"><counter type="INSTRUCTION" missed="29" covered="67"/><counter type="BRANCH" missed="3" covered="1"/><counter type="LINE" missed="6" covered="15"/><counter type="COMPLEXITY" missed="2" covered="1"/><counter type="METHOD" missed="0" covered="1"/></method><method name="join" desc="(Ljava/lang/String;Lorg/hammer/audio/workflow/collaboration/OperationActor;)Lorg/hammer/audio/workflow/collaboration/WorkflowSessionRegistry$SessionSnapshot;" line="118"><counter type="INSTRUCTION" missed="0" covered="9"/><counter type="LINE" missed="0" covered="1"/><counter type="COMPLEXITY" missed="0" covered="1"/><counter type="METHOD" missed="0" covered="1"/></method><method name="leave" desc="(Ljava/lang/String;Ljava/lang/String;)Lorg/hammer/audio/workflow/collaboration/WorkflowSessionRegistry$SessionSnapshot;" line="123"><counter type="INSTRUCTION" missed="0" covered="8"/><counter type="LINE" missed="0" covered="1"/><counter type="COMPLEXITY" missed="0" covered="1"/><counter type="METHOD" missed="0" covered="1"/></method><method name="inspect" desc="(Ljava/lang/String;)Lorg/hammer/audio/workflow/collaboration/WorkflowSessionRegistry$SessionSnapshot;" line="128"><counter type="INSTRUCTION" missed="0" covered="5"/><counter type="LINE" missed="0" covered="1"/><counter type="COMPLEXITY" missed="0" covered="1"/><counter type="METHOD" missed="0" covered="1"/></method><method name="workflow" desc="(Ljava/lang/String;)Lorg/hammer/audio/workflow/Workflow;" line="133"><counter type="INSTRUCTION" missed="0" covered="5"/><counter type="LINE" missed="0" covered="1"/><counter type="COMPLEXITY" missed="0" covered="1"/><counter type="METHOD" missed="0" covered="1"/></method><method name="applyOperation" desc="(Ljava/lang/String;Lorg/hammer/audio/workflow/collaboration/CollaborationMode;Lorg/hammer/audio/workflow/collaboration/OperationActor;Lorg/hammer/audio/workflow/WorkflowOperation;)Lorg/hammer/audio/workflow/Workflow;" line="139"><counter type="INSTRUCTION" missed="0" covered="12"/><counter type="LINE" missed="0" covered="2"/><counter type="COMPLEXITY" missed="0" covered="1"/><counter type="METHOD" missed="0" covered="1"/></method><method name="applyOperation" desc="(Ljava/lang/String;Lorg/hammer/audio/workflow/collaboration/CollaborationMode;Lorg/hammer/audio/workflow/collaboration/OperationActor;JLorg/hammer/audio/workflow/WorkflowOperation;)Lorg/hammer/audio/workflow/Workflow;" line="155"><counter type="INSTRUCTION" missed="5" covered="17"/><counter type="BRANCH" missed="1" covered="1"/><counter type="LINE" missed="1" covered="3"/><counter type="COMPLEXITY" missed="1" covered="1"/><counter type="METHOD" missed="0" covered="1"/></method><method name="previewUndo" desc="(Ljava/lang/String;Lorg/hammer/audio/workflow/collaboration/OperationActor;Ljava/lang/String;)Lorg/hammer/audio/workflow/collaboration/WorkflowUndoPreview;" line="165"><counter type="INSTRUCTION" missed="0" covered="10"/><counter type="LINE" missed="0" covered="2"/><counter type="COMPLEXITY" missed="0" covered="1"/><counter type="METHOD" missed="0" covered="1"/></method><method name="previewRedo" desc="(Ljava/lang/String;Lorg/hammer/audio/workflow/collaboration/OperationActor;Ljava/lang/String;)Lorg/hammer/audio/workflow/collaboration/WorkflowRedoPreview;" line="172"><counter type="INSTRUCTION" missed="0" covered="10"/><counter type="LINE" missed="0" covered="2"/><counter type="COMPLEXITY" missed="0" covered="1"/><counter type="METHOD" missed="0" covered="1"/></method><method name="history" desc="(Ljava/lang/String;Lorg/hammer/audio/workflow/collaboration/OperationActor;Ljava/lang/Long;I)Lorg/hammer/audio/workflow/collaboration/WorkflowHistoryPage;" line="179"><counter type="INSTRUCTION" missed="0" covered="11"/><counter type="LINE" missed="0" covered="2"/><counter type="COMPLEXITY" missed="0" covered="1"/><counter type="METHOD" missed="0" covered="1"/></method><method name="capabilities" desc="(Ljava/lang/String;Lorg/hammer/audio/workflow/collaboration/OperationActor;)Lorg/hammer/audio/workflow/collaboration/WorkflowHistoryCapabilities;" line="185"><counter type="INSTRUCTION" missed="0" covered="9"/><counter type="LINE" missed="0" covered="1"/><counter type="COMPLEXITY" missed="0" covered="1"/><counter type="METHOD" missed="0" covered="1"/></method><method name="undo" desc="(Ljava/lang/String;Lorg/hammer/audio/workflow/collaboration/UndoWorkflowCommand;)Lorg/hammer/audio/workflow/collaboration/WorkflowHistoryCommandResult;" line="190"><counter type="INSTRUCTION" missed="0" covered="9"/><counter type="LINE" missed="0" covered="1"/><counter type="COMPLEXITY" missed="0" covered="1"/><counter type="METHOD" missed="0" covered="1"/></method><method name="redo" desc="(Ljava/lang/String;Lorg/hammer/audio/workflow/collaboration/RedoWorkflowCommand;)Lorg/hammer/audio/workflow/collaboration/WorkflowHistoryCommandResult;" line="195"><counter type="INSTRUCTION" missed="0" covered="9"/><counter type="LINE" missed="0" covered="1"/><counter type="COMPLEXITY" missed="0" covered="1"/><counter type="METHOD" missed="0" covered="1"/></method><method name="updatePresence" desc="(Ljava/lang/String;Lorg/hammer/audio/workflow/collaboration/OperationActor;Lorg/hammer/audio/workflow/collaboration/PresenceState;)Lorg/hammer/audio/workflow/collaboration/PresenceState;" line="201"><counter type="INSTRUCTION" missed="9" covered="21"/><counter type="BRANCH" missed="1" covered="1"/><counter type="LINE" missed="3" covered="4"/><counter type="COMPLEXITY" missed="1" covered="1"/><counter type="METHOD" missed="0" covered="1"/></method><method name="close" desc="(Ljava/lang/String;Ljava/lang/String;)V" line="218"><counter type="INSTRUCTION" missed="6" covered="32"/><counter type="BRANCH" missed="1" covered="1"/><counter type="LINE" missed="1" covered="8"/><counter type="COMPLEXITY" missed="1" covered="1"/><counter type="METHOD" missed="0" covered="1"/></method><method name="sessions" desc="()Ljava/util/List;" line="234"><counter type="INSTRUCTION" missed="11" covered="0"/><counter type="LINE" missed="4" covered="0"/><counter type="COMPLEXITY" missed="1" covered="0"/><counter type="METHOD" missed="1" covered="0"/></method><method name="recoverDurableSessions" desc="()V" line="241"><counter type="INSTRUCTION" missed="27" covered="66"/><counter type="BRANCH" missed="1" covered="3"/><counter type="LINE" missed="8" covered="20"/><counter type="COMPLEXITY" missed="1" covered="2"/><counter type="METHOD" missed="0" covered="1"/></method><method name="requireSession" desc="(Ljava/lang/String;)Lorg/hammer/audio/workflow/collaboration/WorkflowSessionEntry;" line="276"><counter type="INSTRUCTION" missed="0" covered="20"/><counter type="BRANCH" missed="0" covered="2"/><counter type="LINE" missed="0" covered="5"/><counter type="COMPLEXITY" missed="0" covered="2"/><counter type="METHOD" missed="0" covered="1"/></method><method name="assertOperationAuthor" desc="(Ljava/lang/String;Lorg/hammer/audio/workflow/collaboration/OperationActor;Lorg/hammer/audio/workflow/WorkflowOperation;)V" line="287"><counter type="INSTRUCTION" missed="9" covered="15"/><counter type="BRANCH" missed="1" covered="1"/><counter type="LINE" missed="3" covered="4"/><counter type="COMPLEXITY" missed="1" covered="1"/><counter type="METHOD" missed="0" covered="1"/></method><method name="error" desc="(Lorg/hammer/audio/workflow/collaboration/WorkflowSessionException$Code;Ljava/lang/String;Ljava/lang/String;)Lorg/hammer/audio/workflow/collaboration/WorkflowSessionException;" line="302"><counter type="INSTRUCTION" missed="0" covered="7"/><counter type="LINE" missed="0" covered="1"/><counter type="COMPLEXITY" missed="0" covered="1"/><counter type="METHOD" missed="0" covered="1"/></method><method name="requireNotBlank" desc="(Ljava/lang/String;Ljava/lang/String;)Ljava/lang/String;" line="306"><counter type="INSTRUCTION" missed="6" covered="9"/><counter type="BRANCH" missed="1" covered="1"/><counter type="LINE" missed="1" covered="3"/><counter type="COMPLEXITY" missed="1" covered="1"/><counter type="METHOD" missed="0" covered="1"/></method><counter type="INSTRUCTION" missed="107" covered="396"/><counter type="BRANCH" missed="10" covered="12"/><counter type="LINE" missed="29" covered="92"/><counter type="COMPLEXITY" missed="11" covered="25"/><counter type="METHOD" missed="2" covered="23"/><counter type="CLASS" missed="0" covered="1"/></class><class name="org/hammer/audio/workflow/collaboration/WorkflowSessionEventHub" sourcefilename="WorkflowSessionEventHub.java"><method name="&lt;init&gt;" desc="()V" line="43"><counter type="INSTRUCTION" missed="0" covered="5"/><counter type="LINE" missed="0" covered="2"/><counter type="COMPLEXITY" missed="0" covered="1"/><counter type="METHOD" missed="0" covered="1"/></method><method name="&lt;init&gt;" desc="(II)V" line="39"><counter type="INSTRUCTION" missed="10" covered="18"/><counter type="BRANCH" missed="2" covered="2"/><counter type="LINE" missed="2" covered="7"/><counter type="COMPLEXITY" missed="2" covered="1"/><counter type="METHOD" missed="0" covered="1"/></method><method name="openSession" desc="(Ljava/lang/String;Lorg/hammer/audio/workflow/collaboration/OperationActor;Lorg/hammer/audio/workflow/Workflow;)V" line="60"><counter type="INSTRUCTION" missed="0" covered="47"/><counter type="LINE" missed="0" covered="12"/><counter type="COMPLEXITY" missed="0" covered="1"/><counter type="METHOD" missed="0" covered="1"/></method><method name="restoreSession" desc="(Ljava/lang/String;Lorg/hammer/audio/workflow/Workflow;JJ)V" line="91"><counter type="INSTRUCTION" missed="10" covered="35"/><counter type="BRANCH" missed="3" covered="3"/><counter type="LINE" missed="2" covered="8"/><counter type="COMPLEXITY" missed="3" covered="1"/><counter type="METHOD" missed="0" covered="1"/></method><method name="actorJoined" desc="(Ljava/lang/String;Lorg/hammer/audio/workflow/collaboration/OperationActor;)V" line="112"><counter type="INSTRUCTION" missed="0" covered="16"/><counter type="LINE" missed="0" covered="6"/><counter type="COMPLEXITY" missed="0" covered="1"/><counter type="METHOD" missed="0" covered="1"/></method><method name="presenceUpdated" desc="(Ljava/lang/String;Lorg/hammer/audio/workflow/collaboration/OperationActor;Lorg/hammer/audio/workflow/collaboration/PresenceState;)V" line="125"><counter type="INSTRUCTION" missed="0" covered="23"/><counter type="LINE" missed="0" covered="7"/><counter type="COMPLEXITY" missed="0" covered="1"/><counter type="METHOD" missed="0" covered="1"/></method><method name="actorLeft" desc="(Ljava/lang/String;Lorg/hammer/audio/workflow/collaboration/OperationActor;)V" line="140"><counter type="INSTRUCTION" missed="0" covered="16"/><counter type="LINE" missed="0" covered="6"/><counter type="COMPLEXITY" missed="0" covered="1"/><counter type="METHOD" missed="0" covered="1"/></method><method name="operationAccepted" desc="(Ljava/lang/String;Lorg/hammer/audio/workflow/collaboration/OperationActor;Lorg/hammer/audio/workflow/WorkflowOperation;Lorg/hammer/audio/workflow/Workflow;)Lorg/hammer/audio/workflow/collaboration/WorkflowSessionEvent;" line="157"><counter type="INSTRUCTION" missed="0" covered="14"/><counter type="LINE" missed="0" covered="3"/><counter type="COMPLEXITY" missed="0" covered="1"/><counter type="METHOD" missed="0" covered="1"/></method><method name="operationAccepted" desc="(Ljava/lang/String;Lorg/hammer/audio/workflow/collaboration/OperationActor;Lorg/hammer/audio/workflow/WorkflowOperation;Lorg/hammer/audio/workflow/Workflow;Lorg/hammer/audio/workflow/collaboration/store/WorkflowOperationCommandMetadata;)Lorg/hammer/audio/workflow/collaboration/WorkflowSessionEvent;" line="173"><counter type="INSTRUCTION" missed="0" covered="67"/><counter type="BRANCH" missed="0" covered="2"/><counter type="LINE" missed="0" covered="16"/><counter type="COMPLEXITY" missed="0" covered="2"/><counter type="METHOD" missed="0" covered="1"/></method><method name="closeSession" desc="(Ljava/lang/String;Lorg/hammer/audio/workflow/collaboration/OperationActor;)V" line="196"><counter type="INSTRUCTION" missed="0" covered="20"/><counter type="LINE" missed="0" covered="7"/><counter type="COMPLEXITY" missed="0" covered="1"/><counter type="METHOD" missed="0" covered="1"/></method><method name="replay" desc="(Ljava/lang/String;J)Ljava/util/List;" line="210"><counter type="INSTRUCTION" missed="5" covered="10"/><counter type="BRANCH" missed="1" covered="1"/><counter type="LINE" missed="1" covered="2"/><counter type="COMPLEXITY" missed="1" covered="1"/><counter type="METHOD" missed="0" covered="1"/></method><method name="subscribe" desc="(Ljava/lang/String;JLjava/util/function/Consumer;)Lorg/hammer/audio/workflow/collaboration/WorkflowSessionEventHub$Subscription;" line="224"><counter type="INSTRUCTION" missed="5" covered="14"/><counter type="BRANCH" missed="1" covered="1"/><counter type="LINE" missed="1" covered="3"/><counter type="COMPLEXITY" missed="1" covered="1"/><counter type="METHOD" missed="0" covered="1"/></method><method name="currentSequence" desc="(Ljava/lang/String;)J" line="233"><counter type="INSTRUCTION" missed="0" covered="5"/><counter type="LINE" missed="0" covered="1"/><counter type="COMPLEXITY" missed="0" covered="1"/><counter type="METHOD" missed="0" covered="1"/></method><method name="currentRevision" desc="(Ljava/lang/String;)J" line="238"><counter type="INSTRUCTION" missed="0" covered="5"/><counter type="LINE" missed="0" covered="1"/><counter type="COMPLEXITY" missed="0" covered="1"/><counter type="METHOD" missed="0" covered="1"/></method><method name="subscriberCount" desc="(Ljava/lang/String;)I" line="243"><counter type="INSTRUCTION" missed="0" covered="5"/><counter type="LINE" missed="0" covered="1"/><counter type="COMPLEXITY" missed="0" covered="1"/><counter type="METHOD" missed="0" covered="1"/></method><method name="installSession" desc="(Ljava/lang/String;Lorg/hammer/audio/workflow/collaboration/WorkflowSessionEventHub$SessionBuffer;)V" line="247"><counter type="INSTRUCTION" missed="18" covered="10"/><counter type="BRANCH" missed="5" covered="1"/><counter type="LINE" missed="3" covered="3"/><counter type="COMPLEXITY" missed="3" covered="1"/><counter type="METHOD" missed="0" covered="1"/></method><method name="requireSession" desc="(Ljava/lang/String;)Lorg/hammer/audio/workflow/collaboration/WorkflowSessionEventHub$SessionBuffer;" line="257"><counter type="INSTRUCTION" missed="6" covered="14"/><counter type="BRANCH" missed="1" covered="1"/><counter type="LINE" missed="1" covered="4"/><counter type="COMPLEXITY" missed="1" covered="1"/><counter type="METHOD" missed="0" covered="1"/></method><method name="requireNotBlank" desc="(Ljava/lang/String;Ljava/lang/String;)Ljava/lang/String;" line="266"><counter type="INSTRUCTION" missed="6" covered="9"/><counter type="BRANCH" missed="1" covered="1"/><counter type="LINE" missed="1" covered="3"/><counter type="COMPLEXITY" missed="1" covered="1"/><counter type="METHOD" missed="0" covered="1"/></method><counter type="INSTRUCTION" missed="60" covered="333"/><counter type="BRANCH" missed="14" covered="12"/><counter type="LINE" missed="11" covered="92"/><counter type="COMPLEXITY" missed="12" covered="19"/><counter type="METHOD" missed="0" covered="18"/><counter type="CLASS" missed="0" covered="1"/></class><class name="org/hammer/audio/workflow/collaboration/WorkflowUndoPreview$BlockingOperation" sourcefilename="WorkflowUndoPreview.java"><method name="&lt;init&gt;" desc="(Ljava/lang/String;Ljava/lang/String;Ljava/util/List;)V" line="63"><counter type="INSTRUCTION" missed="5" covered="29"/><counter type="BRANCH" missed="1" covered="1"/><counter type="LINE" missed="1" covered="7"/><counter type="COMPLEXITY" missed="1" covered="1"/><counter type="METHOD" missed="0" covered="1"/></method><counter type="INSTRUCTION" missed="5" covered="29"/><counter type="BRANCH" missed="1" covered="1"/><counter type="LINE" missed="1" covered="7"/><counter type="COMPLEXITY" missed="1" covered="1"/><counter type="METHOD" missed="0" covered="1"/><counter type="CLASS" missed="0" covered="1"/></class><class name="org/hammer/audio/workflow/collaboration/WorkflowUndoPreview" sourcefilename="WorkflowUndoPreview.java"><method name="&lt;init&gt;" desc="(Ljava/lang/String;Ljava/lang/String;Ljava/lang/String;Ljava/lang/String;Ljava/time/Instant;Ljava/util/List;JLjava/util/List;)V" line="31"><counter type="INSTRUCTION" missed="5" covered="63"/><counter type="BRANCH" missed="1" covered="1"/><counter type="LINE" missed="1" covered="11"/><counter type="COMPLEXITY" missed="1" covered="1"/><counter type="METHOD" missed="0" covered="1"/></method><method name="safe" desc="()Z" line="47"><counter type="INSTRUCTION" missed="0" covered="4"/><counter type="LINE" missed="0" covered="1"/><counter type="COMPLEXITY" missed="0" covered="1"/><counter type="METHOD" missed="0" covered="1"/></method><method name="requireNotBlank" desc="(Ljava/lang/String;Ljava/lang/String;)Ljava/lang/String;" line="75"><counter type="INSTRUCTION" missed="6" covered="9"/><counter type="BRANCH" missed="1" covered="1"/><counter type="LINE" missed="1" covered="3"/><counter type="COMPLEXITY" missed="1" covered="1"/><counter type="METHOD" missed="0" covered="1"/></method><counter type="INSTRUCTION" missed="11" covered="76"/><counter type="BRANCH" missed="2" covered="2"/><counter type="LINE" missed="2" covered="15"/><counter type="COMPLEXITY" missed="2" covered="3"/><counter type="METHOD" missed="0" covered="3"/><counter type="CLASS" missed="0" covered="1"/></class><class name="org/hammer/audio/workflow/collaboration/WorkflowEventBus" sourcefilename="WorkflowEventBus.java"/><class name="org/hammer/audio/workflow/collaboration/WorkflowSessionEntry$RecoveryState" sourcefilename="WorkflowSessionEntry.java"><method name="&lt;init&gt;" desc="(Ljava/util/List;ZJJ)V" line="830"><counter type="INSTRUCTION" missed="5" covered="29"/><counter type="BRANCH" missed="2" covered="2"/><counter type="LINE" missed="1" covered="4"/><counter type="COMPLEXITY" missed="2" covered="1"/><counter type="METHOD" missed="0" covered="1"/></method><counter type="INSTRUCTION" missed="5" covered="29"/><counter type="BRANCH" missed="2" covered="2"/><counter type="LINE" missed="1" covered="4"/><counter type="COMPLEXITY" missed="2" covered="1"/><counter type="METHOD" missed="0" covered="1"/><counter type="CLASS" missed="0" covered="1"/></class><class name="org/hammer/audio/workflow/collaboration/WorkflowHistoryCommandResult" sourcefilename="WorkflowHistoryCommandResult.java"><method name="&lt;init&gt;" desc="(Lorg/hammer/audio/workflow/Workflow;Lorg/hammer/audio/workflow/collaboration/store/WorkflowOperationCommandMetadata;Ljava/lang/String;JJ)V" line="23"><counter type="INSTRUCTION" missed="5" covered="38"/><counter type="BRANCH" missed="2" covered="2"/><counter type="LINE" missed="1" covered="6"/><counter type="COMPLEXITY" missed="2" covered="1"/><counter type="METHOD" missed="0" covered="1"/></method><method name="requireNotBlank" desc="(Ljava/lang/String;Ljava/lang/String;)Ljava/lang/String;" line="33"><counter type="INSTRUCTION" missed="6" covered="9"/><counter type="BRANCH" missed="1" covered="1"/><counter type="LINE" missed="1" covered="3"/><counter type="COMPLEXITY" missed="1" covered="1"/><counter type="METHOD" missed="0" covered="1"/></method><counter type="INSTRUCTION" missed="11" covered="47"/><counter type="BRANCH" missed="3" covered="3"/><counter type="LINE" missed="2" covered="9"/><counter type="COMPLEXITY" missed="3" covered="2"/><counter type="METHOD" missed="0" covered="2"/><counter type="CLASS" missed="0" covered="1"/></class><class name="org/hammer/audio/workflow/collaboration/WorkflowSessionEventHub$Subscription" sourcefilename="WorkflowSessionEventHub.java"/><class name="org/hammer/audio/workflow/collaboration/InMemoryWorkflowEventOutbox" sourcefilename="InMemoryWorkflowEventOutbox.java"><method name="&lt;init&gt;" desc="()V" line="11"><counter type="INSTRUCTION" missed="0" covered="8"/><counter type="LINE" missed="0" covered="2"/><counter type="COMPLEXITY" missed="0" covered="1"/><counter type="METHOD" missed="0" covered="1"/></method><method name="append" desc="(Lorg/hammer/audio/workflow/collaboration/WorkflowCollaborationEvent;)Lorg/hammer/audio/workflow/collaboration/WorkflowEventOutbox$OutboxEntry;" line="17"><counter type="INSTRUCTION" missed="0" covered="20"/><counter type="LINE" missed="0" covered="4"/><counter type="COMPLEXITY" missed="0" covered="1"/><counter type="METHOD" missed="0" covered="1"/></method><method name="pending" desc="()Ljava/util/List;" line="25"><counter type="INSTRUCTION" missed="0" covered="7"/><counter type="LINE" missed="0" covered="1"/><counter type="COMPLEXITY" missed="0" covered="1"/><counter type="METHOD" missed="0" covered="1"/></method><method name="markPublished" desc="(Ljava/lang/String;)V" line="30"><counter type="INSTRUCTION" missed="0" covered="10"/><counter type="LINE" missed="0" covered="3"/><counter type="COMPLEXITY" missed="0" covered="1"/><counter type="METHOD" missed="0" covered="1"/></method><counter type="INSTRUCTION" missed="0" covered="45"/><counter type="LINE" missed="0" covered="10"/><counter type="COMPLEXITY" missed="0" covered="4"/><counter type="METHOD" missed="0" covered="4"/><counter type="CLASS" missed="0" covered="1"/></class><class name="org/hammer/audio/workflow/collaboration/WorkflowHistoryDescriptor" sourcefilename="WorkflowHistoryDescriptor.java"><method name="&lt;init&gt;" desc="(Ljava/lang/String;Ljava/lang/String;Ljava/lang/String;Ljava/time/Instant;JJLorg/hammer/audio/workflow/collaboration/WorkflowHistoryDescriptor$CommandKind;Ljava/lang/String;Ljava/lang/String;Ljava/util/List;ZZZ)V" line="46"><counter type="INSTRUCTION" missed="13" covered="92"/><counter type="BRANCH" missed="5" covered="5"/><counter type="LINE" missed="2" covered="14"/><counter type="COMPLEXITY" missed="4" covered="2"/><counter type="METHOD" missed="0" covered="1"/></method><method name="requireNotBlank" desc="(Ljava/lang/String;Ljava/lang/String;)Ljava/lang/String;" line="68"><counter type="INSTRUCTION" missed="6" covered="9"/><counter type="BRANCH" missed="1" covered="1"/><counter type="LINE" missed="1" covered="3"/><counter type="COMPLEXITY" missed="1" covered="1"/><counter type="METHOD" missed="0" covered="1"/></method><counter type="INSTRUCTION" missed="19" covered="101"/><counter type="BRANCH" missed="6" covered="6"/><counter type="LINE" missed="3" covered="17"/><counter type="COMPLEXITY" missed="5" covered="3"/><counter type="METHOD" missed="0" covered="2"/><counter type="CLASS" missed="0" covered="1"/></class><class name="org/hammer/audio/workflow/collaboration/WorkflowHistoryDescriptor$CommandKind" sourcefilename="WorkflowHistoryDescriptor.java"><method name="&lt;clinit&gt;" desc="()V" line="40"><counter type="INSTRUCTION" missed="0" covered="21"/><counter type="LINE" missed="0" covered="4"/><counter type="COMPLEXITY" missed="0" covered="1"/><counter type="METHOD" missed="0" covered="1"/></method><counter type="INSTRUCTION" missed="0" covered="21"/><counter type="LINE" missed="0" covered="4"/><counter type="COMPLEXITY" missed="0" covered="1"/><counter type="METHOD" missed="0" covered="1"/><counter type="CLASS" missed="0" covered="1"/></class><class name="org/hammer/audio/workflow/collaboration/WorkflowSessionEntry$SessionDefinition" sourcefilename="WorkflowSessionEntry.java"><method name="&lt;init&gt;" desc="(Ljava/lang/String;Lorg/hammer/audio/workflow/collaboration/CollaborationMode;Lorg/hammer/audio/workflow/collaboration/OperationActor;Ljava/time/Instant;Lorg/hammer/audio/workflow/Workflow;)V" line="818"><counter type="INSTRUCTION" missed="0" covered="38"/><counter type="LINE" missed="0" covered="7"/><counter type="COMPLEXITY" missed="0" covered="1"/><counter type="METHOD" missed="0" covered="1"/></method><counter type="INSTRUCTION" missed="0" covered="38"/><counter type="LINE" missed="0" covered="7"/><counter type="COMPLEXITY" missed="0" covered="1"/><counter type="METHOD" missed="0" covered="1"/><counter type="CLASS" missed="0" covered="1"/></class><class name="org/hammer/audio/workflow/collaboration/WorkflowSessionEventHub$Subscriber" sourcefilename="WorkflowSessionEventHub.java"><method name="&lt;init&gt;" desc="(Ljava/lang/String;ILjava/util/function/Consumer;)V" line="522"><counter type="INSTRUCTION" missed="0" covered="21"/><counter type="LINE" missed="0" covered="6"/><counter type="COMPLEXITY" missed="0" covered="1"/><counter type="METHOD" missed="0" covered="1"/></method><method name="setRemovalCallback" desc="(Ljava/lang/Runnable;)V" line="534"><counter type="INSTRUCTION" missed="0" covered="7"/><counter type="LINE" missed="0" covered="2"/><counter type="COMPLEXITY" missed="0" covered="1"/><counter type="METHOD" missed="0" covered="1"/></method><method name="enqueue" desc="(Lorg/hammer/audio/workflow/collaboration/WorkflowSessionEvent;)Z" line="538"><counter type="INSTRUCTION" missed="0" covered="13"/><counter type="BRANCH" missed="1" covered="3"/><counter type="LINE" missed="0" covered="1"/><counter type="COMPLEXITY" missed="1" covered="2"/><counter type="METHOD" missed="0" covered="1"/></method><method name="enqueueAll" desc="(Ljava/util/List;)Z" line="542"><counter type="INSTRUCTION" missed="11" covered="8"/><counter type="BRANCH" missed="3" covered="1"/><counter type="LINE" missed="3" covered="2"/><counter type="COMPLEXITY" missed="2" covered="1"/><counter type="METHOD" missed="0" covered="1"/></method><method name="start" desc="()V" line="551"><counter type="INSTRUCTION" missed="0" covered="10"/><counter type="LINE" missed="0" covered="2"/><counter type="COMPLEXITY" missed="0" covered="1"/><counter type="METHOD" missed="0" covered="1"/></method><method name="stop" desc="()V" line="555"><counter type="INSTRUCTION" missed="0" covered="14"/><counter type="BRANCH" missed="2" covered="2"/><counter type="LINE" missed="0" covered="5"/><counter type="COMPLEXITY" missed="2" covered="1"/><counter type="METHOD" missed="0" covered="1"/></method><method name="dispatch" desc="()V" line="565"><counter type="INSTRUCTION" missed="1" covered="30"/><counter type="BRANCH" missed="1" covered="3"/><counter type="LINE" missed="1" covered="11"/><counter type="COMPLEXITY" missed="1" covered="2"/><counter type="METHOD" missed="0" covered="1"/></method><counter type="INSTRUCTION" missed="12" covered="103"/><counter type="BRANCH" missed="7" covered="9"/><counter type="LINE" missed="4" covered="29"/><counter type="COMPLEXITY" missed="6" covered="9"/><counter type="METHOD" missed="0" covered="7"/><counter type="CLASS" missed="0" covered="1"/></class><class name="org/hammer/audio/workflow/collaboration/WorkflowSessionEntry" sourcefilename="WorkflowSessionEntry.java"><method name="&lt;init&gt;" desc="(Lorg/hammer/audio/workflow/collaboration/WorkflowSessionEntry$SessionDefinition;Lorg/hammer/audio/workflow/collaboration/WorkflowSessionEntry$RecoveryState;Lorg/hammer/audio/workflow/collaboration/WorkflowSessionEntry$Services;)V" line="40"><counter type="INSTRUCTION" missed="9" covered="103"/><counter type="BRANCH" missed="1" covered="5"/><counter type="LINE" missed="2" covered="23"/><counter type="COMPLEXITY" missed="1" covered="3"/><counter type="METHOD" missed="0" covered="1"/></method><method name="created" desc="(Ljava/lang/String;Lorg/hammer/audio/workflow/collaboration/CollaborationMode;Lorg/hammer/audio/workflow/collaboration/OperationActor;Ljava/time/Instant;Lorg/hammer/audio/workflow/Workflow;Lorg/hammer/audio/workflow/collaboration/WorkflowSessionEventHub;Lorg/hammer/audio/workflow/collaboration/WorkflowSessionPersistenceCoordinator;)Lorg/hammer/audio/workflow/collaboration/WorkflowSessionEntry;" line="85"><counter type="INSTRUCTION" missed="0" covered="28"/><counter type="LINE" missed="0" covered="3"/><counter type="COMPLEXITY" missed="0" covered="1"/><counter type="METHOD" missed="0" covered="1"/></method><method name="recovered" desc="(Lorg/hammer/audio/workflow/collaboration/WorkflowSessionEntry$SessionDefinition;Lorg/hammer/audio/workflow/collaboration/WorkflowSessionEntry$RecoveryState;Lorg/hammer/audio/workflow/collaboration/WorkflowSessionEventHub;Lorg/hammer/audio/workflow/collaboration/WorkflowSessionPersistenceCoordinator;)Lorg/hammer/audio/workflow/collaboration/WorkflowSessionEntry;" line="96"><counter type="INSTRUCTION" missed="0" covered="11"/><counter type="LINE" missed="0" covered="1"/><counter type="COMPLEXITY" missed="0" covered="1"/><counter type="METHOD" missed="0" covered="1"/></method><method name="verifyInitialEventStream" desc="(J)V" line="100"><counter type="INSTRUCTION" missed="0" covered="12"/><counter type="LINE" missed="0" covered="4"/><counter type="COMPLEXITY" missed="0" covered="1"/><counter type="METHOD" missed="0" covered="1"/></method><method name="join" desc="(Lorg/hammer/audio/workflow/collaboration/OperationActor;)Lorg/hammer/audio/workflow/collaboration/WorkflowSessionRegistry$SessionSnapshot;" line="109"><counter type="INSTRUCTION" missed="0" covered="74"/><counter type="BRANCH" missed="0" covered="10"/><counter type="LINE" missed="0" covered="17"/><counter type="COMPLEXITY" missed="0" covered="6"/><counter type="METHOD" missed="0" covered="1"/></method><method name="leave" desc="(Ljava/lang/String;)Lorg/hammer/audio/workflow/collaboration/WorkflowSessionRegistry$SessionSnapshot;" line="137"><counter type="INSTRUCTION" missed="6" covered="39"/><counter type="BRANCH" missed="1" covered="1"/><counter type="LINE" missed="1" covered="10"/><counter type="COMPLEXITY" missed="1" covered="1"/><counter type="METHOD" missed="0" covered="1"/></method><method name="apply" desc="(Lorg/hammer/audio/workflow/collaboration/CollaborationMode;Lorg/hammer/audio/workflow/collaboration/OperationActor;Lorg/hammer/audio/workflow/WorkflowOperation;)Lorg/hammer/audio/workflow/Workflow;" line="156"><counter type="INSTRUCTION" missed="0" covered="20"/><counter type="LINE" missed="0" covered="5"/><counter type="COMPLEXITY" missed="0" covered="1"/><counter type="METHOD" missed="0" covered="1"/></method><method name="apply" desc="(Lorg/hammer/audio/workflow/collaboration/CollaborationMode;Lorg/hammer/audio/workflow/collaboration/OperationActor;JLorg/hammer/audio/workflow/WorkflowOperation;)Lorg/hammer/audio/workflow/Workflow;" line="175"><counter type="INSTRUCTION" missed="0" covered="19"/><counter type="LINE" missed="0" covered="5"/><counter type="COMPLEXITY" missed="0" covered="1"/><counter type="METHOD" missed="0" covered="1"/></method><method name="previewUndo" desc="(Lorg/hammer/audio/workflow/collaboration/OperationActor;Ljava/lang/String;)Lorg/hammer/audio/workflow/collaboration/WorkflowUndoPreview;" line="190"><counter type="INSTRUCTION" missed="0" covered="18"/><counter type="LINE" missed="0" covered="5"/><counter type="COMPLEXITY" missed="0" covered="1"/><counter type="METHOD" missed="0" covered="1"/></method><method name="previewRedo" desc="(Lorg/hammer/audio/workflow/collaboration/OperationActor;Ljava/lang/String;)Lorg/hammer/audio/workflow/collaboration/WorkflowRedoPreview;" line="201"><counter type="INSTRUCTION" missed="0" covered="18"/><counter type="LINE" missed="0" covered="5"/><counter type="COMPLEXITY" missed="0" covered="1"/><counter type="METHOD" missed="0" covered="1"/></method><method name="history" desc="(Lorg/hammer/audio/workflow/collaboration/OperationActor;Ljava/lang/Long;I)Lorg/hammer/audio/workflow/collaboration/WorkflowHistoryPage;" line="212"><counter type="INSTRUCTION" missed="10" covered="107"/><counter type="BRANCH" missed="4" covered="14"/><counter type="LINE" missed="2" covered="20"/><counter type="COMPLEXITY" missed="4" covered="6"/><counter type="METHOD" missed="0" covered="1"/></method><method name="capabilities" desc="(Lorg/hammer/audio/workflow/collaboration/OperationActor;)Lorg/hammer/audio/workflow/collaboration/WorkflowHistoryCapabilities;" line="248"><counter type="INSTRUCTION" missed="0" covered="57"/><counter type="BRANCH" missed="0" covered="6"/><counter type="LINE" missed="0" covered="10"/><counter type="COMPLEXITY" missed="0" covered="4"/><counter type="METHOD" missed="0" covered="1"/></method><method name="undo" desc="(Lorg/hammer/audio/workflow/collaboration/UndoWorkflowCommand;)Lorg/hammer/audio/workflow/collaboration/WorkflowHistoryCommandResult;" line="269"><counter type="INSTRUCTION" missed="0" covered="138"/><counter type="BRANCH" missed="0" covered="10"/><counter type="LINE" missed="0" covered="37"/><counter type="COMPLEXITY" missed="0" covered="6"/><counter type="METHOD" missed="0" covered="1"/></method><method name="redo" desc="(Lorg/hammer/audio/workflow/collaboration/RedoWorkflowCommand;)Lorg/hammer/audio/workflow/collaboration/WorkflowHistoryCommandResult;" line="325"><counter type="INSTRUCTION" missed="4" covered="111"/><counter type="BRANCH" missed="1" covered="3"/><counter type="LINE" missed="1" covered="32"/><counter type="COMPLEXITY" missed="1" covered="2"/><counter type="METHOD" missed="0" covered="1"/></method><method name="updatePresence" desc="(Lorg/hammer/audio/workflow/collaboration/OperationActor;Lorg/hammer/audio/workflow/collaboration/PresenceState;)Lorg/hammer/audio/workflow/collaboration/PresenceState;" line="374"><counter type="INSTRUCTION" missed="0" covered="29"/><counter type="LINE" missed="0" covered="8"/><counter type="COMPLEXITY" missed="0" covered="1"/><counter type="METHOD" missed="0" covered="1"/></method><method name="workflow" desc="()Lorg/hammer/audio/workflow/Workflow;" line="388"><counter type="INSTRUCTION" missed="0" covered="13"/><counter type="LINE" missed="0" covered="4"/><counter type="COMPLEXITY" missed="0" covered="1"/><counter type="METHOD" missed="0" covered="1"/></method><method name="snapshot" desc="()Lorg/hammer/audio/workflow/collaboration/WorkflowSessionRegistry$SessionSnapshot;" line="398"><counter type="INSTRUCTION" missed="0" covered="13"/><counter type="LINE" missed="0" covered="4"/><counter type="COMPLEXITY" missed="0" covered="1"/><counter type="METHOD" missed="0" covered="1"/></method><method name="close" desc="(Ljava/lang/String;)J" line="408"><counter type="INSTRUCTION" missed="0" covered="41"/><counter type="BRANCH" missed="0" covered="2"/><counter type="LINE" missed="0" covered="9"/><counter type="COMPLEXITY" missed="0" covered="2"/><counter type="METHOD" missed="0" covered="1"/></method><method name="verifyClosedEvent" desc="(J)V" line="425"><counter type="INSTRUCTION" missed="0" covered="13"/><counter type="LINE" missed="0" covered="4"/><counter type="COMPLEXITY" missed="0" covered="1"/><counter type="METHOD" missed="0" covered="1"/></method><method name="owner" desc="()Lorg/hammer/audio/workflow/collaboration/OperationActor;" line="434"><counter type="INSTRUCTION" missed="0" covered="3"/><counter type="LINE" missed="0" covered="1"/><counter type="COMPLEXITY" missed="0" covered="1"/><counter type="METHOD" missed="0" covered="1"/></method><method name="applyLocked" desc="(Lorg/hammer/audio/workflow/collaboration/CollaborationMode;Lorg/hammer/audio/workflow/collaboration/OperationActor;JLorg/hammer/audio/workflow/WorkflowOperation;Lorg/hammer/audio/workflow/collaboration/store/WorkflowOperationCommandMetadata;)Lorg/hammer/audio/workflow/collaboration/WorkflowSessionPersistenceCoordinator$AppendOutcome;" line="443"><counter type="INSTRUCTION" missed="35" covered="128"/><counter type="BRANCH" missed="4" covered="6"/><counter type="LINE" missed="8" covered="23"/><counter type="COMPLEXITY" missed="3" covered="3"/><counter type="METHOD" missed="0" covered="1"/></method><method name="previewUndoLocked" desc="(Lorg/hammer/audio/workflow/collaboration/OperationActor;Ljava/lang/String;)Lorg/hammer/audio/workflow/collaboration/WorkflowUndoPreview;" line="485"><counter type="INSTRUCTION" missed="0" covered="38"/><counter type="LINE" missed="0" covered="11"/><counter type="COMPLEXITY" missed="0" covered="1"/><counter type="METHOD" missed="0" covered="1"/></method><method name="previewRedoLocked" desc="(Lorg/hammer/audio/workflow/collaboration/OperationActor;Ljava/lang/String;)Lorg/hammer/audio/workflow/collaboration/WorkflowRedoPreview;" line="503"><counter type="INSTRUCTION" missed="6" covered="62"/><counter type="BRANCH" missed="2" covered="4"/><counter type="LINE" missed="1" covered="16"/><counter type="COMPLEXITY" missed="2" covered="2"/><counter type="METHOD" missed="0" covered="1"/></method><method name="selectUndoTarget" desc="(Lorg/hammer/audio/workflow/collaboration/OperationActor;Ljava/lang/String;)Lorg/hammer/audio/workflow/collaboration/WorkflowSessionPersistenceCoordinator$OperationIdentity;" line="532"><counter type="INSTRUCTION" missed="5" covered="39"/><counter type="BRANCH" missed="1" covered="7"/><counter type="LINE" missed="1" covered="11"/><counter type="COMPLEXITY" missed="1" covered="4"/><counter type="METHOD" missed="0" covered="1"/></method><method name="findPersonalUndoTarget" desc="(Ljava/lang/String;)Lorg/hammer/audio/workflow/collaboration/WorkflowSessionPersistenceCoordinator$OperationIdentity;" line="551"><counter type="INSTRUCTION" missed="0" covered="36"/><counter type="BRANCH" missed="0" covered="8"/><counter type="LINE" missed="0" covered="7"/><counter type="COMPLEXITY" missed="0" covered="5"/><counter type="METHOD" missed="0" covered="1"/></method><method name="findRedoTarget" desc="(Ljava/lang/String;)Lorg/hammer/audio/workflow/collaboration/WorkflowSessionPersistenceCoordinator$OperationIdentity;" line="563"><counter type="INSTRUCTION" missed="0" covered="36"/><counter type="BRANCH" missed="0" covered="8"/><counter type="LINE" missed="0" covered="7"/><counter type="COMPLEXITY" missed="0" covered="5"/><counter type="METHOD" missed="0" covered="1"/></method><method name="validateForwardUndoTarget" desc="(Lorg/hammer/audio/workflow/collaboration/WorkflowSessionPersistenceCoordinator$OperationIdentity;Ljava/lang/String;)Lorg/hammer/audio/workflow/collaboration/WorkflowSessionPersistenceCoordinator$OperationIdentity;" line="576"><counter type="INSTRUCTION" missed="7" covered="20"/><counter type="BRANCH" missed="3" covered="5"/><counter type="LINE" missed="2" covered="4"/><counter type="COMPLEXITY" missed="3" covered="2"/><counter type="METHOD" missed="0" covered="1"/></method><method name="requireOperation" desc="(Ljava/lang/String;Lorg/hammer/audio/workflow/collaboration/WorkflowSessionException$Code;)Lorg/hammer/audio/workflow/collaboration/WorkflowSessionPersistenceCoordinator$OperationIdentity;" line="587"><counter type="INSTRUCTION" missed="6" covered="10"/><counter type="BRANCH" missed="1" covered="1"/><counter type="LINE" missed="1" covered="3"/><counter type="COMPLEXITY" missed="1" covered="1"/><counter type="METHOD" missed="0" covered="1"/></method><method name="requireUndoableOperation" desc="(Lorg/hammer/audio/workflow/collaboration/WorkflowSessionPersistenceCoordinator$OperationIdentity;)Lorg/hammer/audio/workflow/WorkflowOperation;" line="595"><counter type="INSTRUCTION" missed="0" covered="8"/><counter type="LINE" missed="0" covered="3"/><counter type="COMPLEXITY" missed="0" covered="1"/><counter type="METHOD" missed="0" covered="1"/></method><method name="isTargeted" desc="(Ljava/lang/String;Lorg/hammer/audio/workflow/collaboration/store/WorkflowOperationCommandMetadata$Kind;)Z" line="605"><counter type="INSTRUCTION" missed="0" covered="8"/><counter type="LINE" missed="0" covered="2"/><counter type="COMPLEXITY" missed="0" covered="1"/><counter type="METHOD" missed="0" covered="1"/></method><method name="blockingOperations" desc="(Lorg/hammer/audio/workflow/collaboration/WorkflowSessionPersistenceCoordinator$OperationIdentity;Ljava/util/List;)Ljava/util/List;" line="614"><counter type="INSTRUCTION" missed="0" covered="52"/><counter type="BRANCH" missed="0" covered="4"/><counter type="LINE" missed="0" covered="10"/><counter type="COMPLEXITY" missed="0" covered="3"/><counter type="METHOD" missed="0" covered="1"/></method><method name="conflictingObjectIds" desc="(Lorg/hammer/audio/workflow/collaboration/WorkflowSessionPersistenceCoordinator$OperationIdentity;Ljava/util/Set;)Ljava/util/List;" line="631"><counter type="INSTRUCTION" missed="5" covered="19"/><counter type="BRANCH" missed="1" covered="1"/><counter type="LINE" missed="1" covered="6"/><counter type="COMPLEXITY" missed="1" covered="1"/><counter type="METHOD" missed="0" covered="1"/></method><method name="describe" desc="(Lorg/hammer/audio/workflow/collaboration/WorkflowSessionPersistenceCoordinator$OperationIdentity;)Lorg/hammer/audio/workflow/collaboration/WorkflowHistoryDescriptor;" line="642"><counter type="INSTRUCTION" missed="0" covered="67"/><counter type="BRANCH" missed="2" covered="6"/><counter type="LINE" missed="0" covered="17"/><counter type="COMPLEXITY" missed="2" covered="3"/><counter type="METHOD" missed="0" covered="1"/></method><method name="historyAction" desc="(Lorg/hammer/audio/workflow/collaboration/WorkflowSessionPersistenceCoordinator$OperationIdentity;)Lorg/hammer/audio/workflow/collaboration/WorkflowHistoryCapabilities$Action;" line="666"><counter type="INSTRUCTION" missed="0" covered="41"/><counter type="BRANCH" missed="0" covered="6"/><counter type="LINE" missed="0" covered="10"/><counter type="COMPLEXITY" missed="0" covered="4"/><counter type="METHOD" missed="0" covered="1"/></method><method name="sortedAffectedObjectIds" desc="(Lorg/hammer/audio/workflow/WorkflowOperation;)Ljava/util/List;" line="681"><counter type="INSTRUCTION" missed="0" covered="7"/><counter type="LINE" missed="0" covered="1"/><counter type="COMPLEXITY" missed="0" covered="1"/><counter type="METHOD" missed="0" covered="1"/></method><method name="previewId" desc="(Ljava/lang/String;Ljava/util/List;)Ljava/lang/String;" line="686"><counter type="INSTRUCTION" missed="7" covered="51"/><counter type="BRANCH" missed="0" covered="2"/><counter type="LINE" missed="2" covered="13"/><counter type="COMPLEXITY" missed="0" covered="2"/><counter type="METHOD" missed="0" covered="1"/></method><method name="historyCommandRetry" desc="(Ljava/lang/String;Lorg/hammer/audio/workflow/collaboration/store/WorkflowOperationCommandMetadata$Kind;Ljava/lang/String;Ljava/lang/String;)Lorg/hammer/audio/workflow/collaboration/WorkflowHistoryCommandResult;" line="708"><counter type="INSTRUCTION" missed="5" covered="50"/><counter type="BRANCH" missed="4" covered="8"/><counter type="LINE" missed="1" covered="10"/><counter type="COMPLEXITY" missed="3" covered="4"/><counter type="METHOD" missed="0" covered="1"/></method><method name="result" desc="(Lorg/hammer/audio/workflow/collaboration/WorkflowSessionPersistenceCoordinator$AppendOutcome;Lorg/hammer/audio/workflow/collaboration/store/WorkflowOperationCommandMetadata;Ljava/lang/String;)Lorg/hammer/audio/workflow/collaboration/WorkflowHistoryCommandResult;" line="726"><counter type="INSTRUCTION" missed="0" covered="12"/><counter type="LINE" missed="0" covered="2"/><counter type="COMPLEXITY" missed="0" covered="1"/><counter type="METHOD" missed="0" covered="1"/></method><method name="reserveNonSemanticEvent" desc="()J" line="731"><counter type="INSTRUCTION" missed="0" covered="10"/><counter type="LINE" missed="0" covered="1"/><counter type="COMPLEXITY" missed="0" covered="1"/><counter type="METHOD" missed="0" covered="1"/></method><method name="confirmNonSemanticEvent" desc="(JLjava/lang/String;)V" line="735"><counter type="INSTRUCTION" missed="0" covered="10"/><counter type="LINE" missed="0" covered="3"/><counter type="COMPLEXITY" missed="0" covered="1"/><counter type="METHOD" missed="0" covered="1"/></method><method name="verifyEventHubState" desc="(JJLjava/lang/String;)V" line="741"><counter type="INSTRUCTION" missed="12" covered="21"/><counter type="BRANCH" missed="2" covered="2"/><counter type="LINE" missed="1" covered="4"/><counter type="COMPLEXITY" missed="2" covered="1"/><counter type="METHOD" missed="0" covered="1"/></method><method name="assertModeAndActor" desc="(Lorg/hammer/audio/workflow/collaboration/CollaborationMode;Lorg/hammer/audio/workflow/collaboration/OperationActor;)V" line="761"><counter type="INSTRUCTION" missed="0" covered="18"/><counter type="BRANCH" missed="0" covered="2"/><counter type="LINE" missed="0" covered="4"/><counter type="COMPLEXITY" missed="0" covered="2"/><counter type="METHOD" missed="0" covered="1"/></method><method name="assertJoinedActor" desc="(Lorg/hammer/audio/workflow/collaboration/OperationActor;)V" line="770"><counter type="INSTRUCTION" missed="7" covered="21"/><counter type="BRANCH" missed="1" covered="3"/><counter type="LINE" missed="1" covered="5"/><counter type="COMPLEXITY" missed="1" covered="2"/><counter type="METHOD" missed="0" covered="1"/></method><method name="duplicateOperation" desc="(Ljava/lang/String;)Lorg/hammer/audio/workflow/collaboration/WorkflowSessionException;" line="780"><counter type="INSTRUCTION" missed="0" covered="6"/><counter type="LINE" missed="0" covered="1"/><counter type="COMPLEXITY" missed="0" covered="1"/><counter type="METHOD" missed="0" covered="1"/></method><method name="error" desc="(Lorg/hammer/audio/workflow/collaboration/WorkflowSessionException$Code;Ljava/lang/String;)Lorg/hammer/audio/workflow/collaboration/WorkflowSessionException;" line="786"><counter type="INSTRUCTION" missed="0" covered="8"/><counter type="LINE" missed="0" covered="1"/><counter type="COMPLEXITY" missed="0" covered="1"/><counter type="METHOD" missed="0" covered="1"/></method><method name="requireOpen" desc="()V" line="790"><counter type="INSTRUCTION" missed="7" covered="4"/><counter type="BRANCH" missed="1" covered="1"/><counter type="LINE" missed="1" covered="2"/><counter type="COMPLEXITY" missed="1" covered="1"/><counter type="METHOD" missed="0" covered="1"/></method><method name="snapshotLocked" desc="()Lorg/hammer/audio/workflow/collaboration/WorkflowSessionRegistry$SessionSnapshot;" line="796"><counter type="INSTRUCTION" missed="0" covered="35"/><counter type="LINE" missed="0" covered="5"/><counter type="COMPLEXITY" missed="0" covered="1"/><counter type="METHOD" missed="0" covered="1"/></method><method name="lambda$previewId$6" desc="(Ljava/lang/StringBuilder;Ljava/lang/String;)V" line="694"><counter type="INSTRUCTION" missed="0" covered="7"/><counter type="LINE" missed="0" covered="1"/><counter type="COMPLEXITY" missed="0" covered="1"/><counter type="METHOD" missed="0" covered="1"/></method><method name="lambda$describe$5" desc="(Lorg/hammer/audio/workflow/collaboration/WorkflowSessionPersistenceCoordinator$OperationIdentity;)Ljava/util/List;" line="648"><counter type="INSTRUCTION" missed="0" covered="4"/><counter type="LINE" missed="0" covered="1"/><counter type="COMPLEXITY" missed="0" covered="1"/><counter type="METHOD" missed="0" covered="1"/></method><method name="lambda$isTargeted$4" desc="(Lorg/hammer/audio/workflow/collaboration/store/WorkflowOperationCommandMetadata$Kind;Ljava/lang/String;Lorg/hammer/audio/workflow/collaboration/WorkflowSessionPersistenceCoordinator$OperationIdentity;)Z" line="608"><counter type="INSTRUCTION" missed="0" covered="15"/><counter type="BRANCH" missed="0" covered="4"/><counter type="LINE" missed="0" covered="2"/><counter type="COMPLEXITY" missed="0" covered="3"/><counter type="METHOD" missed="0" covered="1"/></method><method name="lambda$requireUndoableOperation$3" desc="(Lorg/hammer/audio/workflow/collaboration/WorkflowSessionPersistenceCoordinator$OperationIdentity;)Lorg/hammer/audio/workflow/collaboration/WorkflowSessionException;" line="599"><counter type="INSTRUCTION" missed="0" covered="7"/><counter type="LINE" missed="0" covered="2"/><counter type="COMPLEXITY" missed="0" covered="1"/><counter type="METHOD" missed="0" covered="1"/></method><method name="lambda$applyLocked$2" desc="(Lorg/hammer/audio/workflow/WorkflowOperation;Lorg/hammer/audio/workflow/collaboration/WorkflowSessionPersistenceCoordinator$OperationIdentity;)Z" line="464"><counter type="INSTRUCTION" missed="6" covered="0"/><counter type="LINE" missed="1" covered="0"/><counter type="COMPLEXITY" missed="1" covered="0"/><counter type="METHOD" missed="1" covered="0"/></method><method name="lambda$redo$1" desc="(Lorg/hammer/audio/workflow/collaboration/WorkflowSessionPersistenceCoordinator$OperationIdentity;)Lorg/hammer/audio/workflow/collaboration/WorkflowSessionException;" line="353"><counter type="INSTRUCTION" missed="7" covered="0"/><counter type="LINE" missed="2" covered="0"/><counter type="COMPLEXITY" missed="1" covered="0"/><counter type="METHOD" missed="1" covered="0"/></method><method name="lambda$undo$0" desc="(Lorg/hammer/audio/workflow/collaboration/WorkflowSessionPersistenceCoordinator$OperationIdentity;)Lorg/hammer/audio/workflow/collaboration/WorkflowSessionException;" line="304"><counter type="INSTRUCTION" missed="7" covered="0"/><counter type="LINE" missed="2" covered="0"/><counter type="COMPLEXITY" missed="1" covered="0"/><counter type="METHOD" missed="1" covered="0"/></method><counter type="INSTRUCTION" missed="151" covered="1717"/><counter type="BRANCH" missed="29" covered="129"/><counter type="LINE" missed="30" covered="394"/><counter type="COMPLEXITY" missed="30" covered="103"/><counter type="METHOD" missed="3" covered="51"/><counter type="CLASS" missed="0" covered="1"/></class><class name="org/hammer/audio/workflow/collaboration/WorkflowSessionEvent$Type" sourcefilename="WorkflowSessionEvent.java"><method name="&lt;clinit&gt;" desc="()V" line="39"><counter type="INSTRUCTION" missed="0" covered="45"/><counter type="LINE" missed="0" covered="8"/><counter type="COMPLEXITY" missed="0" covered="1"/><counter type="METHOD" missed="0" covered="1"/></method><counter type="INSTRUCTION" missed="0" covered="45"/><counter type="LINE" missed="0" covered="8"/><counter type="COMPLEXITY" missed="0" covered="1"/><counter type="METHOD" missed="0" covered="1"/><counter type="CLASS" missed="0" covered="1"/></class><class name="org/hammer/audio/workflow/collaboration/WorkflowSessionPersistenceCoordinator$AppendOutcome" sourcefilename="WorkflowSessionPersistenceCoordinator.java"><method name="&lt;init&gt;" desc="(Lorg/hammer/audio/workflow/Workflow;Lorg/hammer/audio/workflow/collaboration/WorkflowSessionPersistenceCoordinator$OperationIdentity;JJZ)V" line="438"><counter type="INSTRUCTION" missed="0" covered="26"/><counter type="LINE" missed="0" covered="4"/><counter type="COMPLEXITY" missed="0" covered="1"/><counter type="METHOD" missed="0" covered="1"/></method><counter type="INSTRUCTION" missed="0" covered="26"/><counter type="LINE" missed="0" covered="4"/><counter type="COMPLEXITY" missed="0" covered="1"/><counter type="METHOD" missed="0" covered="1"/><counter type="CLASS" missed="0" covered="1"/></class><class name="org/hammer/audio/workflow/collaboration/WorkflowEventOutbox$OutboxEntry" sourcefilename="WorkflowEventOutbox.java"><method name="&lt;init&gt;" desc="(Ljava/lang/String;Lorg/hammer/audio/workflow/collaboration/WorkflowCollaborationEvent;)V" line="22"><counter type="INSTRUCTION" missed="5" covered="20"/><counter type="BRANCH" missed="1" covered="1"/><counter type="LINE" missed="1" covered="5"/><counter type="COMPLEXITY" missed="1" covered="1"/><counter type="METHOD" missed="0" covered="1"/></method><counter type="INSTRUCTION" missed="5" covered="20"/><counter type="BRANCH" missed="1" covered="1"/><counter type="LINE" missed="1" covered="5"/><counter type="COMPLEXITY" missed="1" covered="1"/><counter type="METHOD" missed="0" covered="1"/><counter type="CLASS" missed="0" covered="1"/></class><class name="org/hammer/audio/workflow/collaboration/CollaborativeWorkflowSessionService" sourcefilename="CollaborativeWorkflowSessionService.java"><method name="&lt;init&gt;" desc="(Ljava/lang/String;Lorg/hammer/audio/workflow/collaboration/CollaborationMode;Lorg/hammer/audio/workflow/WorkflowOperationLog;Lorg/hammer/audio/workflow/collaboration/WorkflowEventOutbox;Lorg/hammer/audio/workflow/collaboration/WorkflowEventBus;)V" line="39"><counter type="INSTRUCTION" missed="0" covered="37"/><counter type="LINE" missed="0" covered="8"/><counter type="COMPLEXITY" missed="0" covered="1"/><counter type="METHOD" missed="0" covered="1"/></method><method name="currentWorkflow" desc="()Lorg/hammer/audio/workflow/Workflow;" line="55"><counter type="INSTRUCTION" missed="0" covered="4"/><counter type="LINE" missed="0" covered="1"/><counter type="COMPLEXITY" missed="0" covered="1"/><counter type="METHOD" missed="0" covered="1"/></method><method name="operations" desc="()Ljava/util/List;" line="59"><counter type="INSTRUCTION" missed="0" covered="4"/><counter type="LINE" missed="0" covered="1"/><counter type="COMPLEXITY" missed="0" covered="1"/><counter type="METHOD" missed="0" covered="1"/></method><method name="applyOperation" desc="(Lorg/hammer/audio/workflow/collaboration/WorkflowOperationEnvelope;)Lorg/hammer/audio/workflow/Workflow;" line="63"><counter type="INSTRUCTION" missed="0" covered="29"/><counter type="LINE" missed="0" covered="7"/><counter type="COMPLEXITY" missed="0" covered="1"/><counter type="METHOD" missed="0" covered="1"/></method><method name="undo" desc="(Lorg/hammer/audio/workflow/collaboration/OperationActor;)Lorg/hammer/audio/workflow/collaboration/CollaborativeWorkflowSessionService$UndoResult;" line="73"><counter type="INSTRUCTION" missed="18" covered="14"/><counter type="BRANCH" missed="1" covered="1"/><counter type="LINE" missed="3" covered="3"/><counter type="COMPLEXITY" missed="1" covered="1"/><counter type="METHOD" missed="0" covered="1"/></method><method name="undo" desc="(Lorg/hammer/audio/workflow/collaboration/OperationActor;Ljava/lang/String;)Lorg/hammer/audio/workflow/collaboration/CollaborativeWorkflowSessionService$UndoResult;" line="85"><counter type="INSTRUCTION" missed="5" covered="23"/><counter type="BRANCH" missed="1" covered="1"/><counter type="LINE" missed="1" covered="5"/><counter type="COMPLEXITY" missed="1" covered="1"/><counter type="METHOD" missed="0" covered="1"/></method><method name="updatePresence" desc="(Lorg/hammer/audio/workflow/collaboration/PresenceState;)V" line="96"><counter type="INSTRUCTION" missed="0" covered="12"/><counter type="LINE" missed="0" covered="3"/><counter type="COMPLEXITY" missed="0" covered="1"/><counter type="METHOD" missed="0" covered="1"/></method><method name="clearPresence" desc="(Ljava/lang/String;)V" line="101"><counter type="INSTRUCTION" missed="8" covered="0"/><counter type="LINE" missed="2" covered="0"/><counter type="COMPLEXITY" missed="1" covered="0"/><counter type="METHOD" missed="1" covered="0"/></method><method name="presenceSnapshot" desc="()Ljava/util/Map;" line="105"><counter type="INSTRUCTION" missed="0" covered="4"/><counter type="LINE" missed="0" covered="1"/><counter type="COMPLEXITY" missed="0" covered="1"/><counter type="METHOD" missed="0" covered="1"/></method><method name="applyUndo" desc="(Lorg/hammer/audio/workflow/collaboration/OperationActor;Lorg/hammer/audio/workflow/WorkflowOperation;Lorg/hammer/audio/workflow/collaboration/UndoScope;)Lorg/hammer/audio/workflow/collaboration/CollaborativeWorkflowSessionService$UndoResult;" line="110"><counter type="INSTRUCTION" missed="0" covered="41"/><counter type="LINE" missed="0" covered="9"/><counter type="COMPLEXITY" missed="0" covered="1"/><counter type="METHOD" missed="0" covered="1"/></method><method name="findLatestOperationByAuthor" desc="(Ljava/lang/String;)Lorg/hammer/audio/workflow/WorkflowOperation;" line="129"><counter type="INSTRUCTION" missed="6" covered="25"/><counter type="BRANCH" missed="1" covered="3"/><counter type="LINE" missed="1" covered="5"/><counter type="COMPLEXITY" missed="1" covered="2"/><counter type="METHOD" missed="0" covered="1"/></method><method name="findOperationById" desc="(Ljava/lang/String;)Lorg/hammer/audio/workflow/WorkflowOperation;" line="140"><counter type="INSTRUCTION" missed="8" covered="23"/><counter type="BRANCH" missed="2" covered="2"/><counter type="LINE" missed="1" covered="5"/><counter type="COMPLEXITY" missed="2" covered="1"/><counter type="METHOD" missed="0" covered="1"/></method><method name="assertPersonalUndoSafe" desc="(Ljava/lang/String;Lorg/hammer/audio/workflow/WorkflowOperation;)V" line="151"><counter type="INSTRUCTION" missed="3" covered="50"/><counter type="BRANCH" missed="3" covered="3"/><counter type="LINE" missed="1" covered="9"/><counter type="COMPLEXITY" missed="3" covered="1"/><counter type="METHOD" missed="0" covered="1"/></method><method name="intersects" desc="(Ljava/util/Set;Ljava/util/List;)Z" line="167"><counter type="INSTRUCTION" missed="3" covered="16"/><counter type="BRANCH" missed="2" covered="2"/><counter type="LINE" missed="2" covered="3"/><counter type="COMPLEXITY" missed="2" covered="1"/><counter type="METHOD" missed="0" covered="1"/></method><method name="intersectingIds" desc="(Ljava/util/Set;Ljava/util/List;)Ljava/util/List;" line="176"><counter type="INSTRUCTION" missed="0" covered="25"/><counter type="BRANCH" missed="1" covered="3"/><counter type="LINE" missed="0" covered="6"/><counter type="COMPLEXITY" missed="1" covered="2"/><counter type="METHOD" missed="0" covered="1"/></method><method name="indexOfOperation" desc="(Ljava/util/List;Ljava/lang/String;)I" line="186"><counter type="INSTRUCTION" missed="6" covered="19"/><counter type="BRANCH" missed="1" covered="3"/><counter type="LINE" missed="1" covered="3"/><counter type="COMPLEXITY" missed="1" covered="2"/><counter type="METHOD" missed="0" covered="1"/></method><method name="appendAndPublish" desc="(Lorg/hammer/audio/workflow/collaboration/WorkflowCollaborationEvent;)V" line="195"><counter type="INSTRUCTION" missed="0" covered="44"/><counter type="BRANCH" missed="0" covered="2"/><counter type="LINE" missed="0" covered="12"/><counter type="COMPLEXITY" missed="0" covered="2"/><counter type="METHOD" missed="0" covered="1"/></method><method name="requireNotBlank" desc="(Ljava/lang/String;Ljava/lang/String;)Ljava/lang/String;" line="216"><counter type="INSTRUCTION" missed="6" covered="9"/><counter type="BRANCH" missed="1" covered="1"/><counter type="LINE" missed="1" covered="3"/><counter type="COMPLEXITY" missed="1" covered="1"/><counter type="METHOD" missed="0" covered="1"/></method><method name="assertSessionAndMode" desc="(Ljava/lang/String;Lorg/hammer/audio/workflow/collaboration/CollaborationMode;)V" line="224"><counter type="INSTRUCTION" missed="18" covered="10"/><counter type="BRANCH" missed="2" covered="2"/><counter type="LINE" missed="2" covered="3"/><counter type="COMPLEXITY" missed="2" covered="1"/><counter type="METHOD" missed="0" covered="1"/></method><method name="lambda$applyUndo$0" desc="(Lorg/hammer/audio/workflow/WorkflowOperation;)Ljava/lang/UnsupportedOperationException;" line="115"><counter type="INSTRUCTION" missed="8" covered="0"/><counter type="LINE" missed="2" covered="0"/><counter type="COMPLEXITY" missed="1" covered="0"/><counter type="METHOD" missed="1" covered="0"/></method><method name="&lt;clinit&gt;" desc="()V" line="31"><counter type="INSTRUCTION" missed="0" covered="5"/><counter type="LINE" missed="0" covered="2"/><counter type="COMPLEXITY" missed="0" covered="1"/><counter type="METHOD" missed="0" covered="1"/></method><counter type="INSTRUCTION" missed="89" covered="394"/><counter type="BRANCH" missed="15" covered="23"/><counter type="LINE" missed="17" covered="89"/><counter type="COMPLEXITY" missed="17" covered="23"/><counter type="METHOD" missed="2" covered="19"/><counter type="CLASS" missed="0" covered="1"/></class><class name="org/hammer/audio/workflow/collaboration/CollaborationMode" sourcefilename="CollaborationMode.java"><method name="&lt;init&gt;" desc="(Ljava/lang/String;ILorg/hammer/audio/workflow/collaboration/UndoScope;)V" line="11"><counter type="INSTRUCTION" missed="0" covered="8"/><counter type="LINE" missed="0" covered="3"/><counter type="COMPLEXITY" missed="0" covered="1"/><counter type="METHOD" missed="0" covered="1"/></method><method name="undoScope" desc="()Lorg/hammer/audio/workflow/collaboration/UndoScope;" line="16"><counter type="INSTRUCTION" missed="0" covered="3"/><counter type="LINE" missed="0" covered="1"/><counter type="COMPLEXITY" missed="0" covered="1"/><counter type="METHOD" missed="0" covered="1"/></method><method name="&lt;clinit&gt;" desc="()V" line="4"><counter type="INSTRUCTION" missed="0" covered="24"/><counter type="LINE" missed="0" covered="4"/><counter type="COMPLEXITY" missed="0" covered="1"/><counter type="METHOD" missed="0" covered="1"/></method><counter type="INSTRUCTION" missed="0" covered="35"/><counter type="LINE" missed="0" covered="8"/><counter type="COMPLEXITY" missed="0" covered="3"/><counter type="METHOD" missed="0" covered="3"/><counter type="CLASS" missed="0" covered="1"/></class><class name="org/hammer/audio/workflow/collaboration/WorkflowHistoryCapabilities$ActionStatus" sourcefilename="WorkflowHistoryCapabilities.java"><method name="&lt;clinit&gt;" desc="()V" line="25"><counter type="INSTRUCTION" missed="0" covered="21"/><counter type="LINE" missed="0" covered="4"/><counter type="COMPLEXITY" missed="0" covered="1"/><counter type="METHOD" missed="0" covered="1"/></method><counter type="INSTRUCTION" missed="0" covered="21"/><counter type="LINE" missed="0" covered="4"/><counter type="COMPLEXITY" missed="0" covered="1"/><counter type="METHOD" missed="0" covered="1"/><counter type="CLASS" missed="0" covered="1"/></class><class name="org/hammer/audio/workflow/collaboration/CollaborativeWorkflowSessionService$UndoResult" sourcefilename="CollaborativeWorkflowSessionService.java"><method name="&lt;init&gt;" desc="(Ljava/lang/String;Lorg/hammer/audio/workflow/collaboration/UndoScope;Ljava/lang/String;Ljava/lang/String;Ljava/lang/String;)V" line="253"><counter type="INSTRUCTION" missed="0" covered="38"/><counter type="LINE" missed="0" covered="7"/><counter type="COMPLEXITY" missed="0" covered="1"/><counter type="METHOD" missed="0" covered="1"/></method><counter type="INSTRUCTION" missed="0" covered="38"/><counter type="LINE" missed="0" covered="7"/><counter type="COMPLEXITY" missed="0" covered="1"/><counter type="METHOD" missed="0" covered="1"/><counter type="CLASS" missed="0" covered="1"/></class><class name="org/hammer/audio/workflow/collaboration/UndoScope" sourcefilename="UndoScope.java"><method name="&lt;clinit&gt;" desc="()V" line="4"><counter type="INSTRUCTION" missed="0" covered="15"/><counter type="LINE" missed="0" covered="3"/><counter type="COMPLEXITY" missed="0" covered="1"/><counter type="METHOD" missed="0" covered="1"/></method><counter type="INSTRUCTION" missed="0" covered="15"/><counter type="LINE" missed="0" covered="3"/><counter type="COMPLEXITY" missed="0" covered="1"/><counter type="METHOD" missed="0" covered="1"/><counter type="CLASS" missed="0" covered="1"/></class><class name="org/hammer/audio/workflow/collaboration/WorkflowHistoryCapabilities$Action" sourcefilename="WorkflowHistoryCapabilities.java"><method name="&lt;init&gt;" desc="(Lorg/hammer/audio/workflow/collaboration/WorkflowHistoryDescriptor;Lorg/hammer/audio/workflow/collaboration/WorkflowHistoryCapabilities$ActionStatus;Ljava/util/List;)V" line="43"><counter type="INSTRUCTION" missed="10" covered="38"/><counter type="BRANCH" missed="2" covered="6"/><counter type="LINE" missed="2" covered="8"/><counter type="COMPLEXITY" missed="2" covered="3"/><counter type="METHOD" missed="0" covered="1"/></method><method name="available" desc="()Z" line="58"><counter type="INSTRUCTION" missed="2" covered="6"/><counter type="BRANCH" missed="1" covered="1"/><counter type="LINE" missed="0" covered="1"/><counter type="COMPLEXITY" missed="1" covered="1"/><counter type="METHOD" missed="0" covered="1"/></method><counter type="INSTRUCTION" missed="12" covered="44"/><counter type="BRANCH" missed="3" covered="7"/><counter type="LINE" missed="2" covered="9"/><counter type="COMPLEXITY" missed="3" covered="4"/><counter type="METHOD" missed="0" covered="2"/><counter type="CLASS" missed="0" covered="1"/></class><class name="org/hammer/audio/workflow/collaboration/WorkflowSessionPersistenceCoordinator" sourcefilename="WorkflowSessionPersistenceCoordinator.java"><method name="&lt;init&gt;" desc="(Lorg/hammer/audio/workflow/collaboration/store/WorkflowSessionStateStore;)V" line="31"><counter type="INSTRUCTION" missed="0" covered="16"/><counter type="LINE" missed="0" covered="5"/><counter type="COMPLEXITY" missed="0" covered="1"/><counter type="METHOD" missed="0" covered="1"/></method><method name="inMemory" desc="()Lorg/hammer/audio/workflow/collaboration/WorkflowSessionPersistenceCoordinator;" line="39"><counter type="INSTRUCTION" missed="0" covered="5"/><counter type="LINE" missed="0" covered="1"/><counter type="COMPLEXITY" missed="0" covered="1"/><counter type="METHOD" missed="0" covered="1"/></method><method name="durable" desc="(Lorg/hammer/audio/workflow/collaboration/store/WorkflowSessionStateStore;)Lorg/hammer/audio/workflow/collaboration/WorkflowSessionPersistenceCoordinator;" line="43"><counter type="INSTRUCTION" missed="0" covered="8"/><counter type="LINE" missed="0" covered="2"/><counter type="COMPLEXITY" missed="0" covered="1"/><counter type="METHOD" missed="0" covered="1"/></method><method name="durable" desc="()Z" line="48"><counter type="INSTRUCTION" missed="0" covered="7"/><counter type="BRANCH" missed="0" covered="2"/><counter type="LINE" missed="0" covered="1"/><counter type="COMPLEXITY" missed="0" covered="2"/><counter type="METHOD" missed="0" covered="1"/></method><method name="recoverOpenSessions" desc="()Ljava/util/List;" line="52"><counter type="INSTRUCTION" missed="2" covered="12"/><counter type="BRANCH" missed="1" covered="1"/><counter type="LINE" missed="1" covered="2"/><counter type="COMPLEXITY" missed="1" covered="1"/><counter type="METHOD" missed="0" covered="1"/></method><method name="create" desc="(Ljava/lang/String;Lorg/hammer/audio/workflow/collaboration/CollaborationMode;Lorg/hammer/audio/workflow/collaboration/OperationActor;Ljava/time/Instant;Lorg/hammer/audio/workflow/Workflow;J)V" line="65"><counter type="INSTRUCTION" missed="21" covered="4"/><counter type="BRANCH" missed="1" covered="1"/><counter type="LINE" missed="4" covered="2"/><counter type="COMPLEXITY" missed="1" covered="1"/><counter type="METHOD" missed="0" covered="1"/></method><method name="compensateFailedCreate" desc="(Ljava/lang/String;JJLjava/lang/RuntimeException;)V" line="83"><counter type="INSTRUCTION" missed="17" covered="0"/><counter type="BRANCH" missed="2" covered="0"/><counter type="LINE" missed="7" covered="0"/><counter type="COMPLEXITY" missed="2" covered="0"/><counter type="METHOD" missed="1" covered="0"/></method><method name="identity" desc="(Lorg/hammer/audio/workflow/WorkflowOperation;)Lorg/hammer/audio/workflow/collaboration/WorkflowSessionPersistenceCoordinator$OperationIdentity;" line="94"><counter type="INSTRUCTION" missed="7" covered="0"/><counter type="LINE" missed="1" covered="0"/><counter type="COMPLEXITY" missed="1" covered="0"/><counter type="METHOD" missed="1" covered="0"/></method><method name="identity" desc="(Lorg/hammer/audio/workflow/WorkflowOperation;Lorg/hammer/audio/workflow/collaboration/store/WorkflowOperationCommandMetadata;)Lorg/hammer/audio/workflow/collaboration/WorkflowSessionPersistenceCoordinator$OperationIdentity;" line="99"><counter type="INSTRUCTION" missed="0" covered="5"/><counter type="LINE" missed="0" covered="1"/><counter type="COMPLEXITY" missed="0" covered="1"/><counter type="METHOD" missed="0" covered="1"/></method><method name="requireExpectedRevision" desc="(Ljava/lang/String;JJ)V" line="103"><counter type="INSTRUCTION" missed="0" covered="12"/><counter type="BRANCH" missed="0" covered="2"/><counter type="LINE" missed="0" covered="3"/><counter type="COMPLEXITY" missed="0" covered="2"/><counter type="METHOD" missed="0" covered="1"/></method><method name="append" desc="(Ljava/lang/String;JJLorg/hammer/audio/workflow/WorkflowOperation;Lorg/hammer/audio/workflow/Workflow;)Lorg/hammer/audio/workflow/collaboration/WorkflowSessionPersistenceCoordinator$AppendOutcome;" line="115"><counter type="INSTRUCTION" missed="11" covered="0"/><counter type="LINE" missed="2" covered="0"/><counter type="COMPLEXITY" missed="1" covered="0"/><counter type="METHOD" missed="1" covered="0"/></method><method name="append" desc="(Ljava/lang/String;JJLorg/hammer/audio/workflow/WorkflowOperation;Lorg/hammer/audio/workflow/Workflow;Lorg/hammer/audio/workflow/collaboration/store/WorkflowOperationCommandMetadata;)Lorg/hammer/audio/workflow/collaboration/WorkflowSessionPersistenceCoordinator$AppendOutcome;" line="131"><counter type="INSTRUCTION" missed="57" covered="30"/><counter type="BRANCH" missed="3" covered="1"/><counter type="LINE" missed="13" covered="8"/><counter type="COMPLEXITY" missed="2" covered="1"/><counter type="METHOD" missed="0" covered="1"/></method><method name="advanceEventSequence" desc="(Ljava/lang/String;JJ)J" line="169"><counter type="INSTRUCTION" missed="0" covered="24"/><counter type="BRANCH" missed="0" covered="2"/><counter type="LINE" missed="0" covered="6"/><counter type="COMPLEXITY" missed="0" covered="2"/><counter type="METHOD" missed="0" covered="1"/></method><method name="close" desc="(Ljava/lang/String;JJ)J" line="179"><counter type="INSTRUCTION" missed="16" covered="9"/><counter type="BRANCH" missed="1" covered="1"/><counter type="LINE" missed="3" covered="3"/><counter type="COMPLEXITY" missed="1" covered="1"/><counter type="METHOD" missed="0" covered="1"/></method><method name="recover" desc="(Lorg/hammer/audio/workflow/collaboration/store/StoredWorkflowSession;)Lorg/hammer/audio/workflow/collaboration/WorkflowSessionPersistenceCoordinator$RecoveredSession;" line="189"><counter type="INSTRUCTION" missed="19" covered="51"/><counter type="BRANCH" missed="1" covered="1"/><counter type="LINE" missed="5" covered="14"/><counter type="COMPLEXITY" missed="1" covered="1"/><counter type="METHOD" missed="0" covered="1"/></method><method name="parse" desc="(Lorg/hammer/audio/workflow/collaboration/store/StoredWorkflowSession;)Lorg/hammer/audio/workflow/Workflow;" line="219"><counter type="INSTRUCTION" missed="11" covered="14"/><counter type="BRANCH" missed="1" covered="1"/><counter type="LINE" missed="4" covered="3"/><counter type="COMPLEXITY" missed="1" covered="1"/><counter type="METHOD" missed="0" covered="1"/></method><method name="validateRecoveredHistory" desc="(Lorg/hammer/audio/workflow/collaboration/store/StoredWorkflowSession;Ljava/util/List;)V" line="234"><counter type="INSTRUCTION" missed="26" covered="63"/><counter type="BRANCH" missed="7" covered="9"/><counter type="LINE" missed="8" covered="12"/><counter type="COMPLEXITY" missed="7" covered="2"/><counter type="METHOD" missed="0" covered="1"/></method><method name="validateAppendResult" desc="(Ljava/lang/String;JLorg/hammer/audio/workflow/collaboration/store/WorkflowSessionAppendResult;)V" line="265"><counter type="INSTRUCTION" missed="56" covered="0"/><counter type="BRANCH" missed="16" covered="0"/><counter type="LINE" missed="12" covered="0"/><counter type="COMPLEXITY" missed="9" covered="0"/><counter type="METHOD" missed="1" covered="0"/></method><method name="validateLifecycleState" desc="(Ljava/lang/String;Lorg/hammer/audio/workflow/collaboration/store/StoredWorkflowSession;JJZ)V" line="286"><counter type="INSTRUCTION" missed="6" covered="20"/><counter type="BRANCH" missed="4" covered="4"/><counter type="LINE" missed="1" covered="5"/><counter type="COMPLEXITY" missed="4" covered="1"/><counter type="METHOD" missed="0" covered="1"/></method><method name="recoveryFailure" desc="(Lorg/hammer/audio/workflow/collaboration/store/StoredWorkflowSession;Ljava/lang/String;)Lorg/hammer/audio/workflow/collaboration/WorkflowSessionRecoveryException;" line="297"><counter type="INSTRUCTION" missed="7" covered="0"/><counter type="LINE" missed="1" covered="0"/><counter type="COMPLEXITY" missed="1" covered="0"/><counter type="METHOD" missed="1" covered="0"/></method><counter type="INSTRUCTION" missed="256" covered="280"/><counter type="BRANCH" missed="37" covered="25"/><counter type="LINE" missed="62" covered="68"/><counter type="COMPLEXITY" missed="32" covered="19"/><counter type="METHOD" missed="5" covered="15"/><counter type="CLASS" missed="0" covered="1"/></class><class name="org/hammer/audio/workflow/collaboration/WorkflowSessionEntry$Services" sourcefilename="WorkflowSessionEntry.java"><method name="&lt;init&gt;" desc="(Lorg/hammer/audio/workflow/collaboration/WorkflowSessionEventHub;Lorg/hammer/audio/workflow/collaboration/WorkflowSessionPersistenceCoordinator;)V" lin
[...]
r type="COMPLEXITY" missed="0" covered="1"/><counter type="METHOD" missed="0" covered="1"/></method><method name="executeSnapshot" desc="()Lorg/hammer/audio/workflow/store/WorkflowSnapshot;" line="271"><counter type="INSTRUCTION" missed="0" covered="6"/><counter type="LINE" missed="0" covered="1"/><counter type="COMPLEXITY" missed="0" covered="1"/><counter type="METHOD" missed="0" covered="1"/></method><method name="withStateLock" desc="(Ljava/util/function/Supplier;)Ljava/lang/Object;" line="279"><counter type="INSTRUCTION" missed="0" covered="15"/><counter type="LINE" missed="0" covered="4"/><counter type="COMPLEXITY" missed="0" covered="1"/><counter type="METHOD" missed="0" covered="1"/></method><method name="replaceGraph" desc="(Lorg/hammer/audio/workflow/Workflow;Z)Lorg/hammer/audio/workflow/editor/WorkflowProjection;" line="289"><counter type="INSTRUCTION" missed="0" covered="27"/><counter type="BRANCH" missed="0" covered="2"/><counter type="LINE" missed="0" covered="7"/><counter type="COMPLEXITY" missed="0" covered="2"/><counter type="METHOD" missed="0" covered="1"/></method><method name="requireStore" desc="()Lorg/hammer/audio/workflow/store/VersionedWorkflowStore;" line="300"><counter type="INSTRUCTION" missed="0" covered="11"/><counter type="BRANCH" missed="0" covered="2"/><counter type="LINE" missed="0" covered="3"/><counter type="COMPLEXITY" missed="0" covered="2"/><counter type="METHOD" missed="0" covered="1"/></method><method name="assertSnapshotIdMatchesDsl" desc="(Ljava/lang/String;Ljava/lang/String;)V" line="307"><counter type="INSTRUCTION" missed="7" covered="5"/><counter type="BRANCH" missed="1" covered="1"/><counter type="LINE" missed="1" covered="2"/><counter type="COMPLEXITY" missed="1" covered="1"/><counter type="METHOD" missed="0" covered="1"/></method><method name="lambda$executeSnapshot$11" desc="()Lorg/hammer/audio/workflow/store/WorkflowSnapshot;" line="273"><counter type="INSTRUCTION" missed="0" covered="14"/><counter type="LINE" missed="0" covered="2"/><counter type="COMPLEXITY" missed="0" covered="1"/><counter type="METHOD" missed="0" covered="1"/></method><method name="lambda$history$10" desc="(Ljava/lang/String;I)Ljava/util/List;" line="250"><counter type="INSTRUCTION" missed="0" covered="27"/><counter type="BRANCH" missed="0" covered="4"/><counter type="LINE" missed="0" covered="7"/><counter type="COMPLEXITY" missed="0" covered="3"/><counter type="METHOD" missed="0" covered="1"/></method><method name="lambda$checkpoint$9" desc="(Ljava/lang/String;Lorg/hammer/audio/workflow/store/CommitMetadata;)Lorg/hammer/audio/workflow/store/CommitId;" line="220"><counter type="INSTRUCTION" missed="5" covered="52"/><counter type="BRANCH" missed="1" covered="3"/><counter type="LINE" missed="1" covered="13"/><counter type="COMPLEXITY" missed="1" covered="2"/><counter type="METHOD" missed="0" covered="1"/></method><method name="lambda$validate$8" desc="()Ljava/util/List;" line="202"><counter type="INSTRUCTION" missed="7" covered="0"/><counter type="LINE" missed="1" covered="0"/><counter type="COMPLEXITY" missed="1" covered="0"/><counter type="METHOD" missed="1" covered="0"/></method><method name="lambda$loadGraph$7" desc="(Lorg/hammer/audio/workflow/store/CommitId;)Lorg/hammer/audio/workflow/editor/WorkflowProjection;" line="187"><counter type="INSTRUCTION" missed="0" covered="27"/><counter type="LINE" missed="0" covered="6"/><counter type="COMPLEXITY" missed="0" covered="1"/><counter type="METHOD" missed="0" covered="1"/></method><method name="lambda$loadGraph$6" desc="(Ljava/lang/String;)Lorg/hammer/audio/workflow/editor/WorkflowProjection;" line="165"><counter type="INSTRUCTION" missed="0" covered="35"/><counter type="BRANCH" missed="0" covered="2"/><counter type="LINE" missed="0" covered="8"/><counter type="COMPLEXITY" missed="0" covered="2"/><counter type="METHOD" missed="0" covered="1"/></method><method name="lambda$importGraph$5" desc="(ZLorg/hammer/audio/workflow/Workflow;)Lorg/hammer/audio/workflow/editor/WorkflowProjection;" line="148"><counter type="INSTRUCTION" missed="14" covered="0"/><counter type="BRANCH" missed="4" covered="0"/><counter type="LINE" missed="3" covered="0"/><counter type="COMPLEXITY" missed="3" covered="0"/><counter type="METHOD" missed="1" covered="0"/></method><method name="lambda$importGraph$4" desc="(Lorg/hammer/audio/workflow/Workflow;)Lorg/hammer/audio/workflow/editor/WorkflowProjection;" line="133"><counter type="INSTRUCTION" missed="0" covered="5"/><counter type="LINE" missed="0" covered="1"/><counter type="COMPLEXITY" missed="0" covered="1"/><counter type="METHOD" missed="0" covered="1"/></method><method name="lambda$loadGraph$3" desc="(Lorg/hammer/audio/workflow/Workflow;)Lorg/hammer/audio/workflow/editor/WorkflowProjection;" line="122"><counter type="INSTRUCTION" missed="5" covered="0"/><counter type="LINE" missed="1" covered="0"/><counter type="COMPLEXITY" missed="1" covered="0"/><counter type="METHOD" missed="1" covered="0"/></method><method name="lambda$currentProjection$2" desc="()Lorg/hammer/audio/workflow/editor/WorkflowProjection;" line="111"><counter type="INSTRUCTION" missed="0" covered="5"/><counter type="LINE" missed="0" covered="1"/><counter type="COMPLEXITY" missed="0" covered="1"/><counter type="METHOD" missed="0" covered="1"/></method><method name="lambda$isDirty$1" desc="()Ljava/lang/Boolean;" line="102"><counter type="INSTRUCTION" missed="0" covered="4"/><counter type="LINE" missed="0" covered="1"/><counter type="COMPLEXITY" missed="0" covered="1"/><counter type="METHOD" missed="0" covered="1"/></method><method name="lambda$applyOperation$0" desc="(Lorg/hammer/audio/workflow/WorkflowOperation;)Lorg/hammer/audio/workflow/editor/WorkflowProjection;" line="88"><counter type="INSTRUCTION" missed="0" covered="36"/><counter type="BRANCH" missed="0" covered="2"/><counter type="LINE" missed="0" covered="8"/><counter type="COMPLEXITY" missed="0" covered="2"/><counter type="METHOD" missed="0" covered="1"/></method><counter type="INSTRUCTION" missed="59" covered="365"/><counter type="BRANCH" missed="6" covered="16"/><counter type="LINE" missed="8" covered="79"/><counter type="COMPLEXITY" missed="10" covered="31"/><counter type="METHOD" missed="6" covered="24"/><counter type="CLASS" missed="0" covered="1"/></class><class name="org/hammer/audio/workflow/editor/WorkflowOperationRejectedException" sourcefilename="WorkflowOperationRejectedException.java"><method name="&lt;init&gt;" desc="(Ljava/util/List;)V" line="24"><counter type="INSTRUCTION" missed="0" covered="12"/><counter type="LINE" missed="0" covered="3"/><counter type="COMPLEXITY" missed="0" covered="1"/><counter type="METHOD" missed="0" covered="1"/></method><method name="violations" desc="()Ljava/util/List;" line="34"><counter type="INSTRUCTION" missed="0" covered="3"/><counter type="LINE" missed="0" covered="1"/><counter type="COMPLEXITY" missed="0" covered="1"/><counter type="METHOD" missed="0" covered="1"/></method><counter type="INSTRUCTION" missed="0" covered="15"/><counter type="LINE" missed="0" covered="4"/><counter type="COMPLEXITY" missed="0" covered="2"/><counter type="METHOD" missed="0" covered="2"/><counter type="CLASS" missed="0" covered="1"/></class><class name="org/hammer/audio/workflow/editor/WorkflowProjection$HandleProjection" sourcefilename="WorkflowProjection.java"><method name="&lt;init&gt;" desc="(Ljava/lang/String;Ljava/lang/String;Ljava/lang/String;)V" line="112"><counter type="INSTRUCTION" missed="0" covered="24"/><counter type="LINE" missed="0" covered="5"/><counter type="COMPLEXITY" missed="0" covered="1"/><counter type="METHOD" missed="0" covered="1"/></method><counter type="INSTRUCTION" missed="0" covered="24"/><counter type="LINE" missed="0" covered="5"/><counter type="COMPLEXITY" missed="0" covered="1"/><counter type="METHOD" missed="0" covered="1"/><counter type="CLASS" missed="0" covered="1"/></class><class name="org/hammer/audio/workflow/editor/DirtyWorkflowException" sourcefilename="DirtyWorkflowException.java"><method name="&lt;init&gt;" desc="()V" line="10"><counter type="INSTRUCTION" missed="4" covered="0"/><counter type="LINE" missed="2" covered="0"/><counter type="COMPLEXITY" missed="1" covered="0"/><counter type="METHOD" missed="1" covered="0"/></method><counter type="INSTRUCTION" missed="4" covered="0"/><counter type="LINE" missed="2" covered="0"/><counter type="COMPLEXITY" missed="1" covered="0"/><counter type="METHOD" missed="1" covered="0"/><counter type="CLASS" missed="1" covered="0"/></class><class name="org/hammer/audio/workflow/editor/WorkflowProjection" sourcefilename="WorkflowProjection.java"><method name="&lt;init&gt;" desc="(Ljava/lang/String;Ljava/lang/String;Ljava/util/List;Ljava/util/List;)V" line="28"><counter type="INSTRUCTION" missed="0" covered="35"/><counter type="LINE" missed="0" covered="6"/><counter type="COMPLEXITY" missed="0" covered="1"/><counter type="METHOD" missed="0" covered="1"/></method><method name="fromWorkflow" desc="(Lorg/hammer/audio/workflow/Workflow;)Lorg/hammer/audio/workflow/editor/WorkflowProjection;" line="42"><counter type="INSTRUCTION" missed="0" covered="28"/><counter type="LINE" missed="0" covered="10"/><counter type="COMPLEXITY" missed="0" covered="1"/><counter type="METHOD" missed="0" covered="1"/></method><method name="lambda$fromWorkflow$3" desc="(Lorg/hammer/audio/workflow/Edge;)Lorg/hammer/audio/workflow/editor/WorkflowProjection$EdgeProjection;" line="63"><counter type="INSTRUCTION" missed="0" covered="14"/><counter type="LINE" missed="0" covered="6"/><counter type="COMPLEXITY" missed="0" covered="1"/><counter type="METHOD" missed="0" covered="1"/></method><method name="lambda$fromWorkflow$2" desc="(Lorg/hammer/audio/workflow/Node;)Lorg/hammer/audio/workflow/editor/WorkflowProjection$NodeProjection;" line="47"><counter type="INSTRUCTION" missed="0" covered="26"/><counter type="LINE" missed="0" covered="11"/><counter type="COMPLEXITY" missed="0" covered="1"/><counter type="METHOD" missed="0" covered="1"/></method><method name="lambda$fromWorkflow$1" desc="(Lorg/hammer/audio/workflow/Port;)Lorg/hammer/audio/workflow/editor/WorkflowProjection$HandleProjection;" line="55"><counter type="INSTRUCTION" missed="0" covered="11"/><counter type="LINE" missed="0" covered="1"/><counter type="COMPLEXITY" missed="0" covered="1"/><counter type="METHOD" missed="0" covered="1"/></method><method name="lambda$fromWorkflow$0" desc="(Lorg/hammer/audio/workflow/Port;)Lorg/hammer/audio/workflow/editor/WorkflowProjection$HandleProjection;" line="52"><counter type="INSTRUCTION" missed="0" covered="11"/><counter type="LINE" missed="0" covered="1"/><counter type="COMPLEXITY" missed="0" covered="1"/><counter type="METHOD" missed="0" covered="1"/></method><counter type="INSTRUCTION" missed="0" covered="125"/><counter type="LINE" missed="0" covered="33"/><counter type="COMPLEXITY" missed="0" covered="6"/><counter type="METHOD" missed="0" covered="6"/><counter type="CLASS" missed="0" covered="1"/></class><class name="org/hammer/audio/workflow/editor/WorkflowProjection$NodeProjection" sourcefilename="WorkflowProjection.java"><method name="&lt;init&gt;" desc="(Ljava/lang/String;Ljava/lang/String;Ljava/lang/String;Ljava/util/List;Ljava/util/List;Ljava/util/Map;)V" line="93"><counter type="INSTRUCTION" missed="0" covered="51"/><counter type="LINE" missed="0" covered="8"/><counter type="COMPLEXITY" missed="0" covered="1"/><counter type="METHOD" missed="0" covered="1"/></method><counter type="INSTRUCTION" missed="0" covered="51"/><counter type="LINE" missed="0" covered="8"/><counter type="COMPLEXITY" missed="0" covered="1"/><counter type="METHOD" missed="0" covered="1"/><counter type="CLASS" missed="0" covered="1"/></class><sourcefile name="WorkflowProjection.java"><line nr="28" mi="0" ci="14" mb="0" cb="0"/><line nr="29" mi="0" ci="4" mb="0" cb="0"/><line nr="30" mi="0" ci="4" mb="0" cb="0"/><line nr="31" mi="0" ci="6" mb="0" cb="0"/><line nr="32" mi="0" ci="6" mb="0" cb="0"/><line nr="33" mi="0" ci="1" mb="0" cb="0"/><line nr="42" mi="0" ci="4" mb="0" cb="0"/><line nr="43" mi="0" ci="1" mb="0" cb="0"/><line nr="44" mi="0" ci="3" mb="0" cb="0"/><line nr="45" mi="0" ci="1" mb="0" cb="0"/><line nr="47" mi="0" ci="4" mb="0" cb="0"/><line nr="48" mi="0" ci="2" mb="0" cb="0"/><line nr="49" mi="0" ci="2" mb="0" cb="0"/><line nr="50" mi="0" ci="2" mb="0" cb="0"/><line nr="51" mi="0" ci="3" mb="0" cb="0"/><line nr="52" mi="0" ci="12" mb="0" cb="0"/><line nr="53" mi="0" ci="2" mb="0" cb="0"/><line nr="54" mi="0" ci="3" mb="0" cb="0"/><line nr="55" mi="0" ci="12" mb="0" cb="0"/><line nr="56" mi="0" ci="2" mb="0" cb="0"/><line nr="57" mi="0" ci="4" mb="0" cb="0"/><line nr="58" mi="0" ci="2" mb="0" cb="0"/><line nr="59" mi="0" ci="1" mb="0" cb="0"/><line nr="60" mi="0" ci="3" mb="0" cb="0"/><line nr="61" mi="0" ci="1" mb="0" cb="0"/><line nr="63" mi="0" ci="4" mb="0" cb="0"/><line nr="64" mi="0" ci="2" mb="0" cb="0"/><line nr="65" mi="0" ci="2" mb="0" cb="0"/><line nr="66" mi="0" ci="2" mb="0" cb="0"/><line nr="67" mi="0" ci="2" mb="0" cb="0"/><line nr="68" mi="0" ci="2" mb="0" cb="0"/><line nr="69" mi="0" ci="2" mb="0" cb="0"/><line nr="70" mi="0" ci="10" mb="0" cb="0"/><line nr="93" mi="0" ci="20" mb="0" cb="0"/><line nr="94" mi="0" ci="4" mb="0" cb="0"/><line nr="95" mi="0" ci="4" mb="0" cb="0"/><line nr="96" mi="0" ci="4" mb="0" cb="0"/><line nr="97" mi="0" ci="6" mb="0" cb="0"/><line nr="98" mi="0" ci="6" mb="0" cb="0"/><line nr="99" mi="0" ci="6" mb="0" cb="0"/><line nr="100" mi="0" ci="1" mb="0" cb="0"/><line nr="112" mi="0" ci="11" mb="0" cb="0"/><line nr="113" mi="0" ci="4" mb="0" cb="0"/><line nr="114" mi="0" ci="4" mb="0" cb="0"/><line nr="115" mi="0" ci="4" mb="0" cb="0"/><line nr="116" mi="0" ci="1" mb="0" cb="0"/><line nr="131" mi="0" ci="17" mb="0" cb="0"/><line nr="132" mi="0" ci="4" mb="0" cb="0"/><line nr="133" mi="0" ci="4" mb="0" cb="0"/><line nr="134" mi="0" ci="4" mb="0" cb="0"/><line nr="135" mi="0" ci="4" mb="0" cb="0"/><line nr="136" mi="0" ci="4" mb="0" cb="0"/><line nr="137" mi="0" ci="1" mb="0" cb="0"/><counter type="INSTRUCTION" missed="0" covered="238"/><counter type="LINE" missed="0" covered="53"/><counter type="COMPLEXITY" missed="0" covered="9"/><counter type="METHOD" missed="0" covered="9"/><counter type="CLASS" missed="0" covered="4"/></sourcefile><sourcefile name="WorkflowOperationRejectedException.java"><line nr="24" mi="0" ci="7" mb="0" cb="0"/><line nr="25" mi="0" ci="4" mb="0" cb="0"/><line nr="26" mi="0" ci="1" mb="0" cb="0"/><line nr="34" mi="0" ci="3" mb="0" cb="0"/><counter type="INSTRUCTION" missed="0" covered="15"/><counter type="LINE" missed="0" covered="4"/><counter type="COMPLEXITY" missed="0" covered="2"/><counter type="METHOD" missed="0" covered="2"/><counter type="CLASS" missed="0" covered="1"/></sourcefile><sourcefile name="WorkflowEditorService.java"><line nr="36" mi="0" ci="5" mb="0" cb="0"/><line nr="51" mi="0" ci="5" mb="0" cb="0"/><line nr="52" mi="0" ci="1" mb="0" cb="0"/><line nr="64" mi="0" ci="2" mb="0" cb="0"/><line nr="65" mi="0" ci="6" mb="0" cb="0"/><line nr="66" mi="0" ci="6" mb="0" cb="0"/><line nr="67" mi="0" ci="3" mb="0" cb="0"/><line nr="68" mi="0" ci="5" mb="0" cb="0"/><line nr="69" mi="0" ci="5" mb="0" cb="0"/><line nr="70" mi="0" ci="1" mb="0" cb="0"/><line nr="86" mi="0" ci="7" mb="0" cb="0"/><line nr="88" mi="0" ci="4" mb="0" cb="0"/><line nr="89" mi="0" ci="6" mb="0" cb="0"/><line nr="90" mi="0" ci="5" mb="0" cb="0"/><line nr="91" mi="0" ci="3" mb="0" cb="2"/><line nr="92" mi="0" ci="5" mb="0" cb="0"/><line nr="94" mi="0" ci="5" mb="0" cb="0"/><line nr="95" mi="0" ci="3" mb="0" cb="0"/><line nr="96" mi="0" ci="5" mb="0" cb="0"/><line nr="102" mi="0" ci="11" mb="0" cb="0"/><line nr="111" mi="0" ci="11" mb="0" cb="0"/><line nr="122" mi="12" ci="0" mb="0" cb="0"/><line nr="133" mi="0" ci="12" mb="0" cb="0"/><line nr="146" mi="8" ci="0" mb="0" cb="0"/><line nr="148" mi="5" ci="0" mb="4" cb="0"/><line nr="149" mi="4" ci="0" mb="0" cb="0"/><line nr="151" mi="5" ci="0" mb="0" cb="0"/><line nr="163" mi="0" ci="7" mb="0" cb="0"/><line nr="165" mi="0" ci="4" mb="0" cb="0"/><line nr="166" mi="0" ci="3" mb="0" cb="2"/><line nr="167" mi="0" ci="5" mb="0" cb="0"/><line nr="169" mi="0" ci="3" mb="0" cb="0"/><line nr="170" mi="0" ci="4" mb="0" cb="0"/><line nr="171" mi="0" ci="6" mb="0" cb="0"/><line nr="172" mi="0" ci="5" mb="0" cb="0"/><line nr="173" mi="0" ci="5" mb="0" cb="0"/><line nr="185" mi="0" ci="7" mb="0" cb="0"/><line nr="187" mi="0" ci="4" mb="0" cb="0"/><line nr="188" mi="0" ci="3" mb="0" cb="0"/><line nr="189" mi="0" ci="4" mb="0" cb="0"/><line nr="190" mi="0" ci="6" mb="0" cb="0"/><line nr="191" mi="0" ci="5" mb="0" cb="0"/><line nr="192" mi="0" ci="5" mb="0" cb="0"/><line nr="202" mi="13" ci="0" mb="0" cb="0"/><line nr="218" mi="0" ci="8" mb="0" cb="0"/><line nr="220" mi="0" ci="4" mb="0" cb="0"/><line nr="221" mi="0" ci="3" mb="0" cb="2"/><line nr="222" mi="0" ci="5" mb="0" cb="0"/><line nr="224" mi="0" ci="4" mb="0" cb="0"/><line nr="225" mi="0" ci="4" mb="0" cb="0"/><line nr="226" mi="0" ci="5" mb="0" cb="0"/><line nr="227" mi="0" ci="3" mb="1" cb="1"/><line nr="228" mi="5" ci="0" mb="0" cb="0"/><line nr="230" mi="0" ci="3" mb="0" cb="0"/><line nr="231" mi="0" ci="3" mb="0" cb="0"/><line nr="232" mi="0" ci="7" mb="0" cb="0"/><line nr="233" mi="0" ci="6" mb="0" cb="0"/><line nr="234" mi="0" ci="3" mb="0" cb="0"/><line nr="235" mi="0" ci="2" mb="0" cb="0"/><line nr="248" mi="0" ci="8" mb="0" cb="0"/><line nr="250" mi="0" ci="4" mb="0" cb="0"/><line nr="251" mi="0" ci="3" mb="0" cb="2"/><line nr="252" mi="0" ci="5" mb="0" cb="0"/><line nr="254" mi="0" ci="2" mb="0" cb="2"/><line nr="255" mi="0" ci="5" mb="0" cb="0"/><line nr="257" mi="0" ci="3" mb="0" cb="0"/><line nr="258" mi="0" ci="5" mb="0" cb="0"/><line nr="271" mi="0" ci="6" mb="0" cb="0"/><line nr="273" mi="0" ci="4" mb="0" cb="0"/><line nr="274" mi="0" ci="10" mb="0" cb="0"/><line nr="279" mi="0" ci="4" mb="0" cb="0"/><line nr="280" mi="0" ci="3" mb="0" cb="0"/><line nr="282" mi="0" ci="5" mb="0" cb="0"/><line nr="284" mi="0" ci="3" mb="0" cb="0"/><line nr="289" mi="0" ci="4" mb="0" cb="0"/><line nr="290" mi="0" ci="5" mb="0" cb="0"/><line nr="291" mi="0" ci="3" mb="0" cb="2"/><line nr="292" mi="0" ci="5" mb="0" cb="0"/><line nr="294" mi="0" ci="4" mb="0" cb="0"/><line nr="295" mi="0" ci="3" mb="0" cb="0"/><line nr="296" mi="0" ci="3" mb="0" cb="0"/><line nr="300" mi="0" ci="3" mb="0" cb="2"/><line nr="301" mi="0" ci="5" mb="0" cb="0"/><line nr="303" mi="0" ci="3" mb="0" cb="0"/><line nr="307" mi="0" ci="4" mb="1" cb="1"/><line nr="308" mi="7" ci="0" mb="0" cb="0"/><line nr="315" mi="0" ci="1" mb="0" cb="0"/><counter type="INSTRUCTION" missed="59" covered="365"/><counter type="BRANCH" missed="6" covered="16"/><counter type="LINE" missed="8" covered="79"/><counter type="COMPLEXITY" missed="10" covered="31"/><counter type="METHOD" missed="6" covered="24"/><counter type="CLASS" missed="0" covered="1"/></sourcefile><sourcefile name="DirtyWorkflowException.java"><line nr="10" mi="3" ci="0" mb="0" cb="0"/><line nr="11" mi="1" ci="0" mb="0" cb="0"/><counter type="INSTRUCTION" missed="4" covered="0"/><counter type="LINE" missed="2" covered="0"/><counter type="COMPLEXITY" missed="1" covered="0"/><counter type="METHOD" missed="1" covered="0"/><counter type="CLASS" missed="1" covered="0"/></sourcefile><counter type="INSTRUCTION" missed="63" covered="618"/><counter type="BRANCH" missed="6" covered="16"/><counter type="LINE" missed="10" covered="136"/><counter type="COMPLEXITY" missed="11" covered="42"/><counter type="METHOD" missed="7" covered="35"/><counter type="CLASS" missed="1" covered="6"/></package><counter type="INSTRUCTION" missed="4343" covered="21500"/><counter type="BRANCH" missed="712" covered="1247"/><counter type="LINE" missed="932" covered="4724"/><counter type="COMPLEXITY" missed="738" covered="1285"/><counter type="METHOD" missed="140" covered="879"/><counter type="CLASS" missed="17" covered="202"/></report>